This is pdfTeX, Version 3.1415926-2.5-1.40.14 (MiKTeX 2.9) (preloaded format=pdflatex 2015.8.20)  24 AUG 2015 20:20
entering extended mode
**main.tex
(G:\Inżynierka\Inzynierka\Praca_Inżynierska_Tomasz_FerensPACZKA\main.tex
LaTeX2e <2011/06/27>
Babel <v3.8m> and hyphenation patterns for english, afrikaans, ancientgreek, ar
abic, armenian, assamese, basque, bengali, bokmal, bulgarian, catalan, coptic, 
croatian, czech, danish, dutch, esperanto, estonian, farsi, finnish, french, ga
lician, german, german-x-2013-05-26, greek, gujarati, hindi, hungarian, iceland
ic, indonesian, interlingua, irish, italian, kannada, kurmanji, latin, latvian,
 lithuanian, malayalam, marathi, mongolian, mongolianlmc, monogreek, ngerman, n
german-x-2013-05-26, nynorsk, oriya, panjabi, pinyin, polish, portuguese, roman
ian, russian, sanskrit, serbian, slovak, slovenian, spanish, swedish, swissgerm
an, tamil, telugu, turkish, turkmen, ukenglish, ukrainian, uppersorbian, usengl
ishmax, welsh, loaded.

(G:\Inżynierka\Inzynierka\Praca_Inżynierska_Tomasz_FerensPACZKA\praca_mgr_pw_
mod.cls
(G:\Inżynierka\Inzynierka\Praca_Inżynierska_Tomasz_FerensPACZKA\mwrep.cls
Document Class: mwrep 2009/09/27 v0.74 A LaTeX document class (MW)
*** Beta version. Formatting may change
*** in future versions of this class.
\l@nohyphenation=\language69
("C:\Program Files (x86)\MiKTeX 2.9\tex\latex\mwcls\mw12.clo"
File: mw12.clo 2009/09/27 v0.74 A document class size option (MW)
)
\@parindent=\dimen102
\c@part=\count79
\c@chapter=\count80
\c@section=\count81
\c@subsection=\count82
\c@subsubsection=\count83
\c@paragraph=\count84
\c@subparagraph=\count85
\c@figure=\count86
\c@table=\count87
\abovecaptionskip=\skip41
\belowcaptionskip=\skip42
\bibindent=\dimen103
))
(G:\Inżynierka\Inzynierka\Praca_Inżynierska_Tomasz_FerensPACZKA\praca_config.
tex ("C:\Program Files (x86)\MiKTeX 2.9\tex\latex\graphics\graphicx.sty"
Package: graphicx 1999/02/16 v1.0f Enhanced LaTeX Graphics (DPC,SPQR)

("C:\Program Files (x86)\MiKTeX 2.9\tex\latex\graphics\keyval.sty"
Package: keyval 1999/03/16 v1.13 key=value parser (DPC)
\KV@toks@=\toks14
)
("C:\Program Files (x86)\MiKTeX 2.9\tex\latex\graphics\graphics.sty"
Package: graphics 2009/02/05 v1.0o Standard LaTeX Graphics (DPC,SPQR)

("C:\Program Files (x86)\MiKTeX 2.9\tex\latex\graphics\trig.sty"
Package: trig 1999/03/16 v1.09 sin cos tan (DPC)
)
("C:\Program Files (x86)\MiKTeX 2.9\tex\latex\00miktex\graphics.cfg"
File: graphics.cfg 2007/01/18 v1.5 graphics configuration of teTeX/TeXLive
)
Package graphics Info: Driver file: pdftex.def on input line 91.

("C:\Program Files (x86)\MiKTeX 2.9\tex\latex\pdftex-def\pdftex.def"
File: pdftex.def 2011/05/27 v0.06d Graphics/color for pdfTeX

("C:\Program Files (x86)\MiKTeX 2.9\tex\generic\oberdiek\infwarerr.sty"
Package: infwarerr 2010/04/08 v1.3 Providing info/warning/error messages (HO)
)
("C:\Program Files (x86)\MiKTeX 2.9\tex\generic\oberdiek\ltxcmds.sty"
Package: ltxcmds 2011/11/09 v1.22 LaTeX kernel commands for general use (HO)
)
\Gread@gobject=\count88
))
\Gin@req@height=\dimen104
\Gin@req@width=\dimen105
)
("C:\Program Files (x86)\MiKTeX 2.9\tex\latex\caption\caption.sty"
Package: caption 2013/05/02 v3.3-89 Customizing captions (AR)

("C:\Program Files (x86)\MiKTeX 2.9\tex\latex\caption\caption3.sty"
Package: caption3 2013/05/02 v1.6-88 caption3 kernel (AR)
Package caption3 Info: TeX engine: e-TeX on input line 57.
\captionmargin=\dimen106
\captionmargin@=\dimen107
\captionwidth=\dimen108
\caption@tempdima=\dimen109
\caption@indent=\dimen110
\caption@parindent=\dimen111
\caption@hangindent=\dimen112
Package caption Info: Unknown document class (or package),
(caption)             standard defaults will be used.
)

Package caption Warning: Unsupported document class (or package) detected,
(caption)                usage of the caption package is not recommended.
See the caption package documentation for explanation.

Package caption Info: \@makecaption = \long macro:#1#2->\addvspace \abovecaptio
nskip \bgroup \centeredlast #1.\enspace #2\par \egroup \vskip \belowcaptionskip
 .
\c@ContinuedFloat=\count89
) ("C:\Program Files (x86)\MiKTeX 2.9\tex\latex\caption\subcaption.sty"
Package: subcaption 2013/02/03 v1.1-62 Sub-captions (AR)
\c@subfigure=\count90
\c@subtable=\count91
)
("C:\Program Files (x86)\MiKTeX 2.9\tex\latex\amsfonts\amsfonts.sty"
Package: amsfonts 2013/01/14 v3.01 Basic AMSFonts support
\@emptytoks=\toks15
\symAMSa=\mathgroup4
\symAMSb=\mathgroup5
LaTeX Font Info:    Overwriting math alphabet `\mathfrak' in version `bold'
(Font)                  U/euf/m/n --> U/euf/b/n on input line 106.
)
("C:\Program Files (x86)\MiKTeX 2.9\tex\latex\amsmath\amsmath.sty"
Package: amsmath 2013/01/14 v2.14 AMS math features
\@mathmargin=\skip43

For additional information on amsmath, use the `?' option.
("C:\Program Files (x86)\MiKTeX 2.9\tex\latex\amsmath\amstext.sty"
Package: amstext 2000/06/29 v2.01

("C:\Program Files (x86)\MiKTeX 2.9\tex\latex\amsmath\amsgen.sty"
File: amsgen.sty 1999/11/30 v2.0
\@emptytoks=\toks16
\ex@=\dimen113
))
("C:\Program Files (x86)\MiKTeX 2.9\tex\latex\amsmath\amsbsy.sty"
Package: amsbsy 1999/11/29 v1.2d
\pmbraise@=\dimen114
)
("C:\Program Files (x86)\MiKTeX 2.9\tex\latex\amsmath\amsopn.sty"
Package: amsopn 1999/12/14 v2.01 operator names
)
\inf@bad=\count92
LaTeX Info: Redefining \frac on input line 210.
\uproot@=\count93
\leftroot@=\count94
LaTeX Info: Redefining \overline on input line 306.
\classnum@=\count95
\DOTSCASE@=\count96
LaTeX Info: Redefining \ldots on input line 378.
LaTeX Info: Redefining \dots on input line 381.
LaTeX Info: Redefining \cdots on input line 466.
\Mathstrutbox@=\box26
\strutbox@=\box27
\big@size=\dimen115
LaTeX Font Info:    Redeclaring font encoding OML on input line 566.
LaTeX Font Info:    Redeclaring font encoding OMS on input line 567.
\macc@depth=\count97
\c@MaxMatrixCols=\count98
\dotsspace@=\muskip10
\c@parentequation=\count99
\dspbrk@lvl=\count100
\tag@help=\toks17
\row@=\count101
\column@=\count102
\maxfields@=\count103
\andhelp@=\toks18
\eqnshift@=\dimen116
\alignsep@=\dimen117
\tagshift@=\dimen118
\tagwidth@=\dimen119
\totwidth@=\dimen120
\lineht@=\dimen121
\@envbody=\toks19
\multlinegap=\skip44
\multlinetaggap=\skip45
\mathdisplay@stack=\toks20
LaTeX Info: Redefining \[ on input line 2665.
LaTeX Info: Redefining \] on input line 2666.
)
("C:\Program Files (x86)\MiKTeX 2.9\tex\latex\amscls\amsthm.sty"
Package: amsthm 2004/08/06 v2.20
\thm@style=\toks21
\thm@bodyfont=\toks22
\thm@headfont=\toks23
\thm@notefont=\toks24
\thm@headpunct=\toks25
\thm@preskip=\skip46
\thm@postskip=\skip47
\thm@headsep=\skip48
\dth@everypar=\toks26
)
("C:\Program Files (x86)\MiKTeX 2.9\tex\latex\wrapfig\wrapfig.sty"
\wrapoverhang=\dimen122
\WF@size=\dimen123
\c@WF@wrappedlines=\count104
\WF@box=\box28
\WF@everypar=\toks27
Package: wrapfig 2003/01/31  v 3.6
)
("C:\Program Files (x86)\MiKTeX 2.9\tex\latex\xcolor\xcolor.sty"
Package: xcolor 2007/01/21 v2.11 LaTeX color extensions (UK)

("C:\Program Files (x86)\MiKTeX 2.9\tex\latex\00miktex\color.cfg"
File: color.cfg 2007/01/18 v1.5 color configuration of teTeX/TeXLive
)
Package xcolor Info: Driver file: pdftex.def on input line 225.
Package xcolor Info: Model `cmy' substituted by `cmy0' on input line 1337.
Package xcolor Info: Model `hsb' substituted by `rgb' on input line 1341.
Package xcolor Info: Model `RGB' extended on input line 1353.
Package xcolor Info: Model `HTML' substituted by `rgb' on input line 1355.
Package xcolor Info: Model `Hsb' substituted by `hsb' on input line 1356.
Package xcolor Info: Model `tHsb' substituted by `hsb' on input line 1357.
Package xcolor Info: Model `HSB' substituted by `hsb' on input line 1358.
Package xcolor Info: Model `Gray' substituted by `gray' on input line 1359.
Package xcolor Info: Model `wave' substituted by `hsb' on input line 1360.
)
("C:\Program Files (x86)\MiKTeX 2.9\tex\latex\fancyhdr\fancyhdr.sty"
\fancy@headwidth=\skip49
\f@ncyO@elh=\skip50
\f@ncyO@erh=\skip51
\f@ncyO@olh=\skip52
\f@ncyO@orh=\skip53
\f@ncyO@elf=\skip54
\f@ncyO@erf=\skip55
\f@ncyO@olf=\skip56
\f@ncyO@orf=\skip57
)
("C:\Program Files (x86)\MiKTeX 2.9\tex\latex\moreverb\moreverb.sty"
Package: moreverb 2008/06/03 v2.3a `more' verbatim facilities

("C:\Program Files (x86)\MiKTeX 2.9\tex\latex\tools\verbatim.sty"
Package: verbatim 2003/08/22 v1.5q LaTeX2e package for verbatim enhancements
\every@verbatim=\toks28
\verbatim@line=\toks29
\verbatim@in@stream=\read1
)
\tab@position=\count105
\tab@size=\count106
\listing@line=\count107
)
("C:\Program Files (x86)\MiKTeX 2.9\tex\latex\booktabs\booktabs.sty"
Package: booktabs 2005/04/14 v1.61803 publication quality tables
\heavyrulewidth=\dimen124
\lightrulewidth=\dimen125
\cmidrulewidth=\dimen126
\belowrulesep=\dimen127
\belowbottomsep=\dimen128
\aboverulesep=\dimen129
\abovetopsep=\dimen130
\cmidrulesep=\dimen131
\cmidrulekern=\dimen132
\defaultaddspace=\dimen133
\@cmidla=\count108
\@cmidlb=\count109
\@aboverulesep=\dimen134
\@belowrulesep=\dimen135
\@thisruleclass=\count110
\@lastruleclass=\count111
\@thisrulewidth=\dimen136
)
("C:\Program Files (x86)\MiKTeX 2.9\tex\latex\eurosym\eurosym.sty"
Package: eurosym 1998/08/06 v1.1 European currency symbol ``Euro''
\@eurobox=\box29
)
("C:\Program Files (x86)\MiKTeX 2.9\tex\latex\tools\indentfirst.sty"
Package: indentfirst 1995/11/23 v1.03 Indent first paragraph (DPC)
)
("C:\Program Files (x86)\MiKTeX 2.9\tex\latex\pdfpages\pdfpages.sty"
Package: pdfpages 2015/08/16 v0.5c Insert pages of external PDF documents (AM)

("C:\Program Files (x86)\MiKTeX 2.9\tex\latex\base\ifthen.sty"
Package: ifthen 2001/05/26 v1.1c Standard LaTeX ifthen package (DPC)
)
("C:\Program Files (x86)\MiKTeX 2.9\tex\latex\tools\calc.sty"
Package: calc 2007/08/22 v4.3 Infix arithmetic (KKT,FJ)
\calc@Acount=\count112
\calc@Bcount=\count113
\calc@Adimen=\dimen137
\calc@Bdimen=\dimen138
\calc@Askip=\skip58
\calc@Bskip=\skip59
LaTeX Info: Redefining \setlength on input line 76.
LaTeX Info: Redefining \addtolength on input line 77.
\calc@Ccount=\count114
\calc@Cskip=\skip60
)
("C:\Program Files (x86)\MiKTeX 2.9\tex\latex\eso-pic\eso-pic.sty"
Package: eso-pic 2015/07/21 v2.0g eso-pic (RN)

("C:\Program Files (x86)\MiKTeX 2.9\tex\generic\oberdiek\atbegshi.sty"
Package: atbegshi 2011/10/05 v1.16 At begin shipout hook (HO)

("C:\Program Files (x86)\MiKTeX 2.9\tex\generic\oberdiek\ifpdf.sty"
Package: ifpdf 2011/01/30 v2.3 Provides the ifpdf switch (HO)
Package ifpdf Info: pdfTeX in PDF mode is detected.
)))
\AM@pagewidth=\dimen139
\AM@pageheight=\dimen140

("C:\Program Files (x86)\MiKTeX 2.9\tex\latex\pdfpages\pppdftex.def"
File: pppdftex.def 2015/08/16 v0.5c Pdfpages driver for pdfTeX (AM)
)
("C:\Program Files (x86)\MiKTeX 2.9\tex\latex\oberdiek\pdflscape.sty"
Package: pdflscape 2008/08/11 v0.10 Display of landscape pages in PDF (HO)

("C:\Program Files (x86)\MiKTeX 2.9\tex\latex\graphics\lscape.sty"
Package: lscape 2000/10/22 v3.01 Landscape Pages (DPC)
)
Package pdflscape Info: Auto-detected driver: pdftex on input line 80.

("C:\Program Files (x86)\MiKTeX 2.9\tex\generic\ifxetex\ifxetex.sty"
Package: ifxetex 2010/09/12 v0.6 Provides ifxetex conditional
))
\AM@pagebox=\box30
\AM@toc@title=\toks30
\c@AM@survey=\count115
\AM@templatesizebox=\box31
)
("C:\Program Files (x86)\MiKTeX 2.9\tex\latex\base\inputenc.sty"
Package: inputenc 2008/03/30 v1.1d Input encoding file
\inpenc@prehook=\toks31
\inpenc@posthook=\toks32

("C:\Program Files (x86)\MiKTeX 2.9\tex\latex\base\utf8.def"
File: utf8.def 2008/04/05 v1.1m UTF-8 support for inputenc
Now handling font encoding OML ...
... no UTF-8 mapping file for font encoding OML
Now handling font encoding T1 ...
... processing UTF-8 mapping file for font encoding T1

("C:\Program Files (x86)\MiKTeX 2.9\tex\latex\base\t1enc.dfu"
File: t1enc.dfu 2008/04/05 v1.1m UTF-8 support for inputenc
   defining Unicode char U+00A1 (decimal 161)
   defining Unicode char U+00A3 (decimal 163)
   defining Unicode char U+00AB (decimal 171)
   defining Unicode char U+00BB (decimal 187)
   defining Unicode char U+00BF (decimal 191)
   defining Unicode char U+00C0 (decimal 192)
   defining Unicode char U+00C1 (decimal 193)
   defining Unicode char U+00C2 (decimal 194)
   defining Unicode char U+00C3 (decimal 195)
   defining Unicode char U+00C4 (decimal 196)
   defining Unicode char U+00C5 (decimal 197)
   defining Unicode char U+00C6 (decimal 198)
   defining Unicode char U+00C7 (decimal 199)
   defining Unicode char U+00C8 (decimal 200)
   defining Unicode char U+00C9 (decimal 201)
   defining Unicode char U+00CA (decimal 202)
   defining Unicode char U+00CB (decimal 203)
   defining Unicode char U+00CC (decimal 204)
   defining Unicode char U+00CD (decimal 205)
   defining Unicode char U+00CE (decimal 206)
   defining Unicode char U+00CF (decimal 207)
   defining Unicode char U+00D0 (decimal 208)
   defining Unicode char U+00D1 (decimal 209)
   defining Unicode char U+00D2 (decimal 210)
   defining Unicode char U+00D3 (decimal 211)
   defining Unicode char U+00D4 (decimal 212)
   defining Unicode char U+00D5 (decimal 213)
   defining Unicode char U+00D6 (decimal 214)
   defining Unicode char U+00D8 (decimal 216)
   defining Unicode char U+00D9 (decimal 217)
   defining Unicode char U+00DA (decimal 218)
   defining Unicode char U+00DB (decimal 219)
   defining Unicode char U+00DC (decimal 220)
   defining Unicode char U+00DD (decimal 221)
   defining Unicode char U+00DE (decimal 222)
   defining Unicode char U+00DF (decimal 223)
   defining Unicode char U+00E0 (decimal 224)
   defining Unicode char U+00E1 (decimal 225)
   defining Unicode char U+00E2 (decimal 226)
   defining Unicode char U+00E3 (decimal 227)
   defining Unicode char U+00E4 (decimal 228)
   defining Unicode char U+00E5 (decimal 229)
   defining Unicode char U+00E6 (decimal 230)
   defining Unicode char U+00E7 (decimal 231)
   defining Unicode char U+00E8 (decimal 232)
   defining Unicode char U+00E9 (decimal 233)
   defining Unicode char U+00EA (decimal 234)
   defining Unicode char U+00EB (decimal 235)
   defining Unicode char U+00EC (decimal 236)
   defining Unicode char U+00ED (decimal 237)
   defining Unicode char U+00EE (decimal 238)
   defining Unicode char U+00EF (decimal 239)
   defining Unicode char U+00F0 (decimal 240)
   defining Unicode char U+00F1 (decimal 241)
   defining Unicode char U+00F2 (decimal 242)
   defining Unicode char U+00F3 (decimal 243)
   defining Unicode char U+00F4 (decimal 244)
   defining Unicode char U+00F5 (decimal 245)
   defining Unicode char U+00F6 (decimal 246)
   defining Unicode char U+00F8 (decimal 248)
   defining Unicode char U+00F9 (decimal 249)
   defining Unicode char U+00FA (decimal 250)
   defining Unicode char U+00FB (decimal 251)
   defining Unicode char U+00FC (decimal 252)
   defining Unicode char U+00FD (decimal 253)
   defining Unicode char U+00FE (decimal 254)
   defining Unicode char U+00FF (decimal 255)
   defining Unicode char U+0102 (decimal 258)
   defining Unicode char U+0103 (decimal 259)
   defining Unicode char U+0104 (decimal 260)
   defining Unicode char U+0105 (decimal 261)
   defining Unicode char U+0106 (decimal 262)
   defining Unicode char U+0107 (decimal 263)
   defining Unicode char U+010C (decimal 268)
   defining Unicode char U+010D (decimal 269)
   defining Unicode char U+010E (decimal 270)
   defining Unicode char U+010F (decimal 271)
   defining Unicode char U+0110 (decimal 272)
   defining Unicode char U+0111 (decimal 273)
   defining Unicode char U+0118 (decimal 280)
   defining Unicode char U+0119 (decimal 281)
   defining Unicode char U+011A (decimal 282)
   defining Unicode char U+011B (decimal 283)
   defining Unicode char U+011E (decimal 286)
   defining Unicode char U+011F (decimal 287)
   defining Unicode char U+0130 (decimal 304)
   defining Unicode char U+0131 (decimal 305)
   defining Unicode char U+0132 (decimal 306)
   defining Unicode char U+0133 (decimal 307)
   defining Unicode char U+0139 (decimal 313)
   defining Unicode char U+013A (decimal 314)
   defining Unicode char U+013D (decimal 317)
   defining Unicode char U+013E (decimal 318)
   defining Unicode char U+0141 (decimal 321)
   defining Unicode char U+0142 (decimal 322)
   defining Unicode char U+0143 (decimal 323)
   defining Unicode char U+0144 (decimal 324)
   defining Unicode char U+0147 (decimal 327)
   defining Unicode char U+0148 (decimal 328)
   defining Unicode char U+014A (decimal 330)
   defining Unicode char U+014B (decimal 331)
   defining Unicode char U+0150 (decimal 336)
   defining Unicode char U+0151 (decimal 337)
   defining Unicode char U+0152 (decimal 338)
   defining Unicode char U+0153 (decimal 339)
   defining Unicode char U+0154 (decimal 340)
   defining Unicode char U+0155 (decimal 341)
   defining Unicode char U+0158 (decimal 344)
   defining Unicode char U+0159 (decimal 345)
   defining Unicode char U+015A (decimal 346)
   defining Unicode char U+015B (decimal 347)
   defining Unicode char U+015E (decimal 350)
   defining Unicode char U+015F (decimal 351)
   defining Unicode char U+0160 (decimal 352)
   defining Unicode char U+0161 (decimal 353)
   defining Unicode char U+0162 (decimal 354)
   defining Unicode char U+0163 (decimal 355)
   defining Unicode char U+0164 (decimal 356)
   defining Unicode char U+0165 (decimal 357)
   defining Unicode char U+016E (decimal 366)
   defining Unicode char U+016F (decimal 367)
   defining Unicode char U+0170 (decimal 368)
   defining Unicode char U+0171 (decimal 369)
   defining Unicode char U+0178 (decimal 376)
   defining Unicode char U+0179 (decimal 377)
   defining Unicode char U+017A (decimal 378)
   defining Unicode char U+017B (decimal 379)
   defining Unicode char U+017C (decimal 380)
   defining Unicode char U+017D (decimal 381)
   defining Unicode char U+017E (decimal 382)
   defining Unicode char U+200C (decimal 8204)
   defining Unicode char U+2013 (decimal 8211)
   defining Unicode char U+2014 (decimal 8212)
   defining Unicode char U+2018 (decimal 8216)
   defining Unicode char U+2019 (decimal 8217)
   defining Unicode char U+201A (decimal 8218)
   defining Unicode char U+201C (decimal 8220)
   defining Unicode char U+201D (decimal 8221)
   defining Unicode char U+201E (decimal 8222)
   defining Unicode char U+2030 (decimal 8240)
   defining Unicode char U+2031 (decimal 8241)
   defining Unicode char U+2039 (decimal 8249)
   defining Unicode char U+203A (decimal 8250)
   defining Unicode char U+2423 (decimal 9251)
)
Now handling font encoding OT1 ...
... processing UTF-8 mapping file for font encoding OT1

("C:\Program Files (x86)\MiKTeX 2.9\tex\latex\base\ot1enc.dfu"
File: ot1enc.dfu 2008/04/05 v1.1m UTF-8 support for inputenc
   defining Unicode char U+00A1 (decimal 161)
   defining Unicode char U+00A3 (decimal 163)
   defining Unicode char U+00B8 (decimal 184)
   defining Unicode char U+00BF (decimal 191)
   defining Unicode char U+00C5 (decimal 197)
   defining Unicode char U+00C6 (decimal 198)
   defining Unicode char U+00D8 (decimal 216)
   defining Unicode char U+00DF (decimal 223)
   defining Unicode char U+00E6 (decimal 230)
   defining Unicode char U+00EC (decimal 236)
   defining Unicode char U+00ED (decimal 237)
   defining Unicode char U+00EE (decimal 238)
   defining Unicode char U+00EF (decimal 239)
   defining Unicode char U+00F8 (decimal 248)
   defining Unicode char U+0131 (decimal 305)
   defining Unicode char U+0141 (decimal 321)
   defining Unicode char U+0142 (decimal 322)
   defining Unicode char U+0152 (decimal 338)
   defining Unicode char U+0153 (decimal 339)
   defining Unicode char U+2013 (decimal 8211)
   defining Unicode char U+2014 (decimal 8212)
   defining Unicode char U+2018 (decimal 8216)
   defining Unicode char U+2019 (decimal 8217)
   defining Unicode char U+201C (decimal 8220)
   defining Unicode char U+201D (decimal 8221)
)
Now handling font encoding OMS ...
... processing UTF-8 mapping file for font encoding OMS

("C:\Program Files (x86)\MiKTeX 2.9\tex\latex\base\omsenc.dfu"
File: omsenc.dfu 2008/04/05 v1.1m UTF-8 support for inputenc
   defining Unicode char U+00A7 (decimal 167)
   defining Unicode char U+00B6 (decimal 182)
   defining Unicode char U+00B7 (decimal 183)
   defining Unicode char U+2020 (decimal 8224)
   defining Unicode char U+2021 (decimal 8225)
   defining Unicode char U+2022 (decimal 8226)
)
Now handling font encoding OMX ...
... no UTF-8 mapping file for font encoding OMX
Now handling font encoding U ...
... no UTF-8 mapping file for font encoding U
   defining Unicode char U+00A9 (decimal 169)
   defining Unicode char U+00AA (decimal 170)
   defining Unicode char U+00AE (decimal 174)
   defining Unicode char U+00BA (decimal 186)
   defining Unicode char U+02C6 (decimal 710)
   defining Unicode char U+02DC (decimal 732)
   defining Unicode char U+200C (decimal 8204)
   defining Unicode char U+2026 (decimal 8230)
   defining Unicode char U+2122 (decimal 8482)
   defining Unicode char U+2423 (decimal 9251)
))
("C:\Program Files (x86)\MiKTeX 2.9\tex\latex\enumitem\enumitem.sty"
Package: enumitem 2011/09/28 v3.5.2 Customized lists
\labelindent=\skip61
\enit@outerparindent=\dimen141
\enit@toks=\toks33
\enit@inbox=\box32
\enitdp@description=\count116
)
("C:\Program Files (x86)\MiKTeX 2.9\tex\latex\multirow\multirow.sty"
\bigstrutjot=\dimen142
)
("C:\Program Files (x86)\MiKTeX 2.9\tex\latex\rotating\rotating.sty"
Package: rotating 2009/03/28 v2.16a rotated objects in LaTeX
\c@r@tfl@t=\count117
\rotFPtop=\skip62
\rotFPbot=\skip63
\rot@float@box=\box33
\rot@mess@toks=\toks34
)
("C:\Program Files (x86)\MiKTeX 2.9\tex\latex\float\float.sty"
Package: float 2001/11/08 v1.3d Float enhancements (AL)
\c@float@type=\count118
\float@exts=\toks35
\float@box=\box34
\@float@everytoks=\toks36
\@floatcapt=\box35
)
("C:\Program Files (x86)\MiKTeX 2.9\tex\latex\tocloft\tocloft.sty"
Package: tocloft 2013/05/02 v2.3f parameterised ToC, etc., typesetting
Package tocloft Info: The document has chapter divisions on input line 44.
\cftparskip=\skip64
\cftbeforetoctitleskip=\skip65
\cftaftertoctitleskip=\skip66
\cftbeforepartskip=\skip67
\cftpartnumwidth=\skip68
\cftpartindent=\skip69
\cftbeforechapskip=\skip70
\cftchapindent=\skip71
\cftchapnumwidth=\skip72
\cftbeforesecskip=\skip73
\cftsecindent=\skip74
\cftsecnumwidth=\skip75
\cftbeforesubsecskip=\skip76
\cftsubsecindent=\skip77
\cftsubsecnumwidth=\skip78
\cftbeforesubsubsecskip=\skip79
\cftsubsubsecindent=\skip80
\cftsubsubsecnumwidth=\skip81
\cftbeforeparaskip=\skip82
\cftparaindent=\skip83
\cftparanumwidth=\skip84
\cftbeforesubparaskip=\skip85
\cftsubparaindent=\skip86
\cftsubparanumwidth=\skip87
\cftbeforeloftitleskip=\skip88
\cftafterloftitleskip=\skip89
\cftbeforefigskip=\skip90
\cftfigindent=\skip91
\cftfignumwidth=\skip92
\c@lofdepth=\count119
\c@lotdepth=\count120
\cftbeforelottitleskip=\skip93
\cftafterlottitleskip=\skip94
\cftbeforetabskip=\skip95
\cfttabindent=\skip96
\cfttabnumwidth=\skip97
)
("C:\Program Files (x86)\MiKTeX 2.9\tex\latex\setspace\setspace.sty"
Package: setspace 2011/12/19 v6.7a set line spacing
)
("C:\Program Files (x86)\MiKTeX 2.9\tex\latex\tools\tabularx.sty"
Package: tabularx 1999/01/07 v2.07 `tabularx' package (DPC)

("C:\Program Files (x86)\MiKTeX 2.9\tex\latex\tools\array.sty"
Package: array 2008/09/09 v2.4c Tabular extension package (FMi)
\col@sep=\dimen143
\extrarowheight=\dimen144
\NC@list=\toks37
\extratabsurround=\skip98
\backup@length=\skip99
)
\TX@col@width=\dimen145
\TX@old@table=\dimen146
\TX@old@col=\dimen147
\TX@target=\dimen148
\TX@delta=\dimen149
\TX@cols=\count121
\TX@ftn=\toks38
)
("C:\Program Files (x86)\MiKTeX 2.9\tex\latex\appendix\appendix.sty"
Package: appendix 2009/09/02 v1.2b extra appendix facilities
\c@@pps=\count122
\c@@ppsavesec=\count123
\c@@ppsaveapp=\count124
)
("C:\Program Files (x86)\MiKTeX 2.9\tex\latex\colortbl\colortbl.sty"
Package: colortbl 2012/02/13 v1.0a Color table columns (DPC)
\everycr=\toks39
\minrowclearance=\skip100
)
("C:\Program Files (x86)\MiKTeX 2.9\tex\latex\ms\ragged2e.sty"
Package: ragged2e 2009/05/21 v2.1 ragged2e Package (MS)

("C:\Program Files (x86)\MiKTeX 2.9\tex\latex\ms\everysel.sty"
Package: everysel 2011/10/28 v1.2 EverySelectfont Package (MS)
)
\CenteringLeftskip=\skip101
\RaggedLeftLeftskip=\skip102
\RaggedRightLeftskip=\skip103
\CenteringRightskip=\skip104
\RaggedLeftRightskip=\skip105
\RaggedRightRightskip=\skip106
\CenteringParfillskip=\skip107
\RaggedLeftParfillskip=\skip108
\RaggedRightParfillskip=\skip109
\JustifyingParfillskip=\skip110
\CenteringParindent=\skip111
\RaggedLeftParindent=\skip112
\RaggedRightParindent=\skip113
\JustifyingParindent=\skip114
)
("C:\Program Files (x86)\MiKTeX 2.9\tex\latex\hyperref\hyperref.sty"
Package: hyperref 2012/11/06 v6.83m Hypertext links for LaTeX

("C:\Program Files (x86)\MiKTeX 2.9\tex\generic\oberdiek\hobsub-hyperref.sty"
Package: hobsub-hyperref 2012/04/25 v1.12 Bundle oberdiek, subset hyperref (HO)


("C:\Program Files (x86)\MiKTeX 2.9\tex\generic\oberdiek\hobsub-generic.sty"
Package: hobsub-generic 2012/04/25 v1.12 Bundle oberdiek, subset generic (HO)
Package: hobsub 2012/04/25 v1.12 Construct package bundles (HO)
Package hobsub Info: Skipping package `infwarerr' (already loaded).
Package hobsub Info: Skipping package `ltxcmds' (already loaded).
Package: ifluatex 2010/03/01 v1.3 Provides the ifluatex switch (HO)
Package ifluatex Info: LuaTeX not detected.
Package: ifvtex 2010/03/01 v1.5 Detect VTeX and its facilities (HO)
Package ifvtex Info: VTeX not detected.
Package: intcalc 2007/09/27 v1.1 Expandable calculations with integers (HO)
Package hobsub Info: Skipping package `ifpdf' (already loaded).
Package: etexcmds 2011/02/16 v1.5 Avoid name clashes with e-TeX commands (HO)
Package etexcmds Info: Could not find \expanded.
(etexcmds)             That can mean that you are not using pdfTeX 1.50 or
(etexcmds)             that some package has redefined \expanded.
(etexcmds)             In the latter case, load this package earlier.
Package: kvsetkeys 2012/04/25 v1.16 Key value parser (HO)
Package: kvdefinekeys 2011/04/07 v1.3 Define keys (HO)
Package: pdftexcmds 2011/11/29 v0.20 Utility functions of pdfTeX for LuaTeX (HO
)
Package pdftexcmds Info: LuaTeX not detected.
Package pdftexcmds Info: \pdf@primitive is available.
Package pdftexcmds Info: \pdf@ifprimitive is available.
Package pdftexcmds Info: \pdfdraftmode found.
Package: pdfescape 2011/11/25 v1.13 Implements pdfTeX's escape features (HO)
Package: bigintcalc 2012/04/08 v1.3 Expandable calculations on big integers (HO
)
Package: bitset 2011/01/30 v1.1 Handle bit-vector datatype (HO)
Package: uniquecounter 2011/01/30 v1.2 Provide unlimited unique counter (HO)
)
Package hobsub Info: Skipping package `hobsub' (already loaded).
Package: letltxmacro 2010/09/02 v1.4 Let assignment for LaTeX macros (HO)
Package: hopatch 2011/06/24 v1.1 Wrapper for package hooks (HO)
Package: xcolor-patch 2011/01/30 xcolor patch
Package: atveryend 2011/06/30 v1.8 Hooks at the very end of document (HO)
Package atveryend Info: \enddocument detected (standard20110627).
Package hobsub Info: Skipping package `atbegshi' (already loaded).
Package: refcount 2011/10/16 v3.4 Data extraction from label references (HO)
Package: hycolor 2011/01/30 v1.7 Color options for hyperref/bookmark (HO)
)
("C:\Program Files (x86)\MiKTeX 2.9\tex\latex\oberdiek\auxhook.sty"
Package: auxhook 2011/03/04 v1.3 Hooks for auxiliary files (HO)
)
("C:\Program Files (x86)\MiKTeX 2.9\tex\latex\oberdiek\kvoptions.sty"
Package: kvoptions 2011/06/30 v3.11 Key value format for package options (HO)
)
\@linkdim=\dimen150
\Hy@linkcounter=\count125
\Hy@pagecounter=\count126

("C:\Program Files (x86)\MiKTeX 2.9\tex\latex\hyperref\pd1enc.def"
File: pd1enc.def 2012/11/06 v6.83m Hyperref: PDFDocEncoding definition (HO)
Now handling font encoding PD1 ...
... no UTF-8 mapping file for font encoding PD1
)
\Hy@SavedSpaceFactor=\count127

("C:\Program Files (x86)\MiKTeX 2.9\tex\latex\00miktex\hyperref.cfg"
File: hyperref.cfg 2002/06/06 v1.2 hyperref configuration of TeXLive
)
Package hyperref Info: Hyper figures OFF on input line 4443.
Package hyperref Info: Link nesting OFF on input line 4448.
Package hyperref Info: Hyper index ON on input line 4451.
Package hyperref Info: Plain pages OFF on input line 4458.
Package hyperref Info: Backreferencing OFF on input line 4463.
Package hyperref Info: Implicit mode ON; LaTeX internals redefined.
Package hyperref Info: Bookmarks ON on input line 4688.
\c@Hy@tempcnt=\count128

("C:\Program Files (x86)\MiKTeX 2.9\tex\latex\url\url.sty"
\Urlmuskip=\muskip11
Package: url 2013/09/16  ver 3.4  Verb mode for urls, etc.
)
LaTeX Info: Redefining \url on input line 5041.
\XeTeXLinkMargin=\dimen151
\Fld@menulength=\count129
\Field@Width=\dimen152
\Fld@charsize=\dimen153
Package hyperref Info: Hyper figures OFF on input line 6295.
Package hyperref Info: Link nesting OFF on input line 6300.
Package hyperref Info: Hyper index ON on input line 6303.
Package hyperref Info: backreferencing OFF on input line 6310.
Package hyperref Info: Link coloring OFF on input line 6315.
Package hyperref Info: Link coloring with OCG OFF on input line 6320.
Package hyperref Info: PDF/A mode OFF on input line 6325.
LaTeX Info: Redefining \ref on input line 6365.
LaTeX Info: Redefining \pageref on input line 6369.
\Hy@abspage=\count130
\c@Item=\count131
\c@Hfootnote=\count132
)

Package hyperref Message: Driver (autodetected): hpdftex.

("C:\Program Files (x86)\MiKTeX 2.9\tex\latex\hyperref\hpdftex.def"
File: hpdftex.def 2012/11/06 v6.83m Hyperref driver for pdfTeX
\Fld@listcount=\count133
\c@bookmark@seq@number=\count134

("C:\Program Files (x86)\MiKTeX 2.9\tex\latex\oberdiek\rerunfilecheck.sty"
Package: rerunfilecheck 2011/04/15 v1.7 Rerun checks for auxiliary files (HO)
Package uniquecounter Info: New unique counter `rerunfilecheck' on input line 2
82.
)
\Hy@SectionHShift=\skip115
)
("C:\Program Files (x86)\MiKTeX 2.9\tex\latex\polski\polski.sty"
Package: polski 2008/02/24 v1.3.3 Polish language package

Document language package `polski' v1.3.3 <2008/02/24>
   Inputenc package detected. Catcodes not changed.
   Switching to Polish text encoding and Polish maths fonts.
("C:\Program Files (x86)\MiKTeX 2.9\tex\latex\base\ot4enc.def"
File: ot4enc.def 2005/09/27 v1.99g Standard LaTeX file
Now handling font encoding OT4 ...
... no UTF-8 mapping file for font encoding OT4
)
LaTeX Font Info:    Try loading font information for OT4+cmr on input line 346.


("C:\Program Files (x86)\MiKTeX 2.9\tex\latex\polski\ot4cmr.fd"
File: ot4cmr.fd 2008/02/24 v1.2.1 Font defs for fonts PL (MW)
)
LaTeX Font Info:    Overwriting math alphabet `\mathbf' in version `normal'
(Font)                  OT1/cmr/bx/n --> OT4/cmr/bx/n on input line 346.
LaTeX Font Info:    Overwriting math alphabet `\mathsf' in version `normal'
(Font)                  OT1/cmss/m/n --> OT4/cmss/m/n on input line 346.
LaTeX Font Info:    Overwriting math alphabet `\mathit' in version `normal'
(Font)                  OT1/cmr/m/it --> OT4/cmr/m/it on input line 346.
LaTeX Font Info:    Overwriting math alphabet `\mathtt' in version `normal'
(Font)                  OT1/cmtt/m/n --> OT4/cmtt/m/n on input line 346.
LaTeX Font Info:    Overwriting math alphabet `\mathsf' in version `bold'
(Font)                  OT1/cmss/bx/n --> OT4/cmss/bx/n on input line 346.
LaTeX Font Info:    Overwriting math alphabet `\mathit' in version `bold'
(Font)                  OT1/cmr/bx/it --> OT4/cmr/bx/it on input line 346.
LaTeX Font Info:    Encoding `OT1' has changed to `OT4' for symbol font
(Font)              `operators' in the math version `normal' on input line 346.

LaTeX Font Info:    Overwriting symbol font `operators' in version `normal'
(Font)                  OT1/cmr/m/n --> OT4/cmr/m/n on input line 346.
LaTeX Font Info:    Overwriting symbol font `letters' in version `normal'
(Font)                  OML/cmm/m/it --> OML/plm/m/it on input line 346.
LaTeX Font Info:    Overwriting symbol font `symbols' in version `normal'
(Font)                  OMS/cmsy/m/n --> OMS/plsy/m/n on input line 346.
LaTeX Font Info:    Overwriting symbol font `largesymbols' in version `normal'
(Font)                  OMX/cmex/m/n --> OMX/plex/m/n on input line 346.
LaTeX Font Info:    Encoding `OT1' has changed to `OT4' for symbol font
(Font)              `operators' in the math version `bold' on input line 346.
LaTeX Font Info:    Overwriting symbol font `operators' in version `bold'
(Font)                  OT1/cmr/bx/n --> OT4/cmr/bx/n on input line 346.
LaTeX Font Info:    Overwriting symbol font `letters' in version `bold'
(Font)                  OML/cmm/b/it --> OML/plm/b/it on input line 346.
LaTeX Font Info:    Overwriting symbol font `symbols' in version `bold'
(Font)                  OMS/cmsy/b/n --> OMS/plsy/b/n on input line 346.
)
("C:\Program Files (x86)\MiKTeX 2.9\tex\latex\listings\listings.sty"
\lst@mode=\count135
\lst@gtempboxa=\box36
\lst@token=\toks40
\lst@length=\count136
\lst@currlwidth=\dimen154
\lst@column=\count137
\lst@pos=\count138
\lst@lostspace=\dimen155
\lst@width=\dimen156
\lst@newlines=\count139
\lst@lineno=\count140
\lst@maxwidth=\dimen157

("C:\Program Files (x86)\MiKTeX 2.9\tex\latex\listings\lstmisc.sty"
File: lstmisc.sty 2015/06/04 1.6 (Carsten Heinz)
\c@lstnumber=\count141
\lst@skipnumbers=\count142
\lst@framebox=\box37
)
("C:\Program Files (x86)\MiKTeX 2.9\tex\latex\listings\listings.cfg"
File: listings.cfg 2015/06/04 1.6 listings configuration
))
Package: listings 2015/06/04 1.6 (Carsten Heinz)

("C:\Program Files (x86)\MiKTeX 2.9\tex\latex\listings\lstlang1.sty"
File: lstlang1.sty 2015/06/04 1.6 listings language file
)
("C:\Program Files (x86)\MiKTeX 2.9\tex\latex\lettrine\lettrine.sty"
File: lettrine.sty 2015/02/16 v1.8 (Daniel Flipo)
\c@DefaultLines=\count143
\c@DefaultDepth=\count144
\DefaultFindent=\dimen158
\DefaultNindent=\dimen159
\DefaultSlope=\dimen160
\DiscardVskip=\dimen161
\L@lbox=\box38
\L@tbox=\box39
\c@L@lines=\count145
\c@L@depth=\count146
\L@Pindent=\dimen162
\L@Findent=\dimen163
\L@Nindent=\dimen164
\L@lraise=\dimen165
\L@first=\dimen166
\L@next=\dimen167
\L@slope=\dimen168
\L@height=\dimen169
\L@novskip=\dimen170
\LettrineWidth=\dimen171
\LettrineHeight=\dimen172
\LettrineDepth=\dimen173

Loading lettrine.cfg
("C:\Program Files (x86)\MiKTeX 2.9\tex\latex\lettrine\lettrine.cfg")))
(G:\Inżynierka\Inzynierka\Praca_Inżynierska_Tomasz_FerensPACZKA\TikZ_config.t
ex ("C:\Program Files (x86)\MiKTeX 2.9\tex\latex\pgf\frontendlayer\tikz.sty"
("C:\Program Files (x86)\MiKTeX 2.9\tex\latex\pgf\basiclayer\pgf.sty"
("C:\Program Files (x86)\MiKTeX 2.9\tex\latex\pgf\utilities\pgfrcs.sty"
("C:\Program Files (x86)\MiKTeX 2.9\tex\generic\pgf\utilities\pgfutil-common.te
x"
\pgfutil@everybye=\toks41
\pgfutil@tempdima=\dimen174
\pgfutil@tempdimb=\dimen175

("C:\Program Files (x86)\MiKTeX 2.9\tex\generic\pgf\utilities\pgfutil-common-li
sts.tex"))
("C:\Program Files (x86)\MiKTeX 2.9\tex\generic\pgf\utilities\pgfutil-latex.def
"
\pgfutil@abb=\box40
 ("C:\Program Files (x86)\MiKTeX 2.9\tex\latex\ms\everyshi.sty"
Package: everyshi 2001/05/15 v3.00 EveryShipout Package (MS)
))
("C:\Program Files (x86)\MiKTeX 2.9\tex\generic\pgf\utilities\pgfrcs.code.tex"
Package: pgfrcs 2015/08/07 v3.0.1 (rcs-revision 1.31)
))
Package: pgf 2015/08/07 v3.0.1 (rcs-revision 1.15)
 ("C:\Program Files (x86)\MiKTeX 2.9\tex\latex\pgf\basiclayer\pgfcore.sty"
("C:\Program Files (x86)\MiKTeX 2.9\tex\latex\pgf\systemlayer\pgfsys.sty"
("C:\Program Files (x86)\MiKTeX 2.9\tex\generic\pgf\systemlayer\pgfsys.code.tex
"
Package: pgfsys 2014/07/09 v3.0.1 (rcs-revision 1.48)
 ("C:\Program Files (x86)\MiKTeX 2.9\tex\generic\pgf\utilities\pgfkeys.code.tex
"
\pgfkeys@pathtoks=\toks42
\pgfkeys@temptoks=\toks43

("C:\Program Files (x86)\MiKTeX 2.9\tex\generic\pgf\utilities\pgfkeysfiltered.c
ode.tex"
\pgfkeys@tmptoks=\toks44
))
\pgf@x=\dimen176
\pgf@y=\dimen177
\pgf@xa=\dimen178
\pgf@ya=\dimen179
\pgf@xb=\dimen180
\pgf@yb=\dimen181
\pgf@xc=\dimen182
\pgf@yc=\dimen183
\w@pgf@writea=\write3
\r@pgf@reada=\read2
\c@pgf@counta=\count147
\c@pgf@countb=\count148
\c@pgf@countc=\count149
\c@pgf@countd=\count150
\t@pgf@toka=\toks45
\t@pgf@tokb=\toks46
\t@pgf@tokc=\toks47

("C:\Program Files (x86)\MiKTeX 2.9\tex\generic\pgf\systemlayer\pgf.cfg"
File: pgf.cfg 2008/05/14  (rcs-revision 1.7)
)
Driver file for pgf: pgfsys-pdftex.def

("C:\Program Files (x86)\MiKTeX 2.9\tex\generic\pgf\systemlayer\pgfsys-pdftex.d
ef"
File: pgfsys-pdftex.def 2014/10/11  (rcs-revision 1.35)

("C:\Program Files (x86)\MiKTeX 2.9\tex\generic\pgf\systemlayer\pgfsys-common-p
df.def"
File: pgfsys-common-pdf.def 2013/10/10  (rcs-revision 1.13)
)))
("C:\Program Files (x86)\MiKTeX 2.9\tex\generic\pgf\systemlayer\pgfsyssoftpath.
code.tex"
File: pgfsyssoftpath.code.tex 2013/09/09  (rcs-revision 1.9)
\pgfsyssoftpath@smallbuffer@items=\count151
\pgfsyssoftpath@bigbuffer@items=\count152
)
("C:\Program Files (x86)\MiKTeX 2.9\tex\generic\pgf\systemlayer\pgfsysprotocol.
code.tex"
File: pgfsysprotocol.code.tex 2006/10/16  (rcs-revision 1.4)
))
("C:\Program Files (x86)\MiKTeX 2.9\tex\generic\pgf\basiclayer\pgfcore.code.tex
"
Package: pgfcore 2010/04/11 v3.0.1 (rcs-revision 1.7)
 ("C:\Program Files (x86)\MiKTeX 2.9\tex\generic\pgf\math\pgfmath.code.tex"
("C:\Program Files (x86)\MiKTeX 2.9\tex\generic\pgf\math\pgfmathcalc.code.tex"
("C:\Program Files (x86)\MiKTeX 2.9\tex\generic\pgf\math\pgfmathutil.code.tex")
("C:\Program Files (x86)\MiKTeX 2.9\tex\generic\pgf\math\pgfmathparser.code.tex
"
\pgfmath@dimen=\dimen184
\pgfmath@count=\count153
\pgfmath@box=\box41
\pgfmath@toks=\toks48
\pgfmath@stack@operand=\toks49
\pgfmath@stack@operation=\toks50
)
("C:\Program Files (x86)\MiKTeX 2.9\tex\generic\pgf\math\pgfmathfunctions.code.
tex"
("C:\Program Files (x86)\MiKTeX 2.9\tex\generic\pgf\math\pgfmathfunctions.basic
.code.tex")
("C:\Program Files (x86)\MiKTeX 2.9\tex\generic\pgf\math\pgfmathfunctions.trigo
nometric.code.tex")
("C:\Program Files (x86)\MiKTeX 2.9\tex\generic\pgf\math\pgfmathfunctions.rando
m.code.tex")
("C:\Program Files (x86)\MiKTeX 2.9\tex\generic\pgf\math\pgfmathfunctions.compa
rison.code.tex")
("C:\Program Files (x86)\MiKTeX 2.9\tex\generic\pgf\math\pgfmathfunctions.base.
code.tex")
("C:\Program Files (x86)\MiKTeX 2.9\tex\generic\pgf\math\pgfmathfunctions.round
.code.tex")
("C:\Program Files (x86)\MiKTeX 2.9\tex\generic\pgf\math\pgfmathfunctions.misc.
code.tex")
("C:\Program Files (x86)\MiKTeX 2.9\tex\generic\pgf\math\pgfmathfunctions.integ
erarithmetics.code.tex")))
("C:\Program Files (x86)\MiKTeX 2.9\tex\generic\pgf\math\pgfmathfloat.code.tex"
\c@pgfmathroundto@lastzeros=\count154
))
("C:\Program Files (x86)\MiKTeX 2.9\tex\generic\pgf\basiclayer\pgfcorepoints.co
de.tex"
File: pgfcorepoints.code.tex 2013/10/07  (rcs-revision 1.27)
\pgf@picminx=\dimen185
\pgf@picmaxx=\dimen186
\pgf@picminy=\dimen187
\pgf@picmaxy=\dimen188
\pgf@pathminx=\dimen189
\pgf@pathmaxx=\dimen190
\pgf@pathminy=\dimen191
\pgf@pathmaxy=\dimen192
\pgf@xx=\dimen193
\pgf@xy=\dimen194
\pgf@yx=\dimen195
\pgf@yy=\dimen196
\pgf@zx=\dimen197
\pgf@zy=\dimen198
)
("C:\Program Files (x86)\MiKTeX 2.9\tex\generic\pgf\basiclayer\pgfcorepathconst
ruct.code.tex"
File: pgfcorepathconstruct.code.tex 2013/10/07  (rcs-revision 1.29)
\pgf@path@lastx=\dimen199
\pgf@path@lasty=\dimen200
)
("C:\Program Files (x86)\MiKTeX 2.9\tex\generic\pgf\basiclayer\pgfcorepathusage
.code.tex"
File: pgfcorepathusage.code.tex 2014/11/02  (rcs-revision 1.24)
\pgf@shorten@end@additional=\dimen201
\pgf@shorten@start@additional=\dimen202
)
("C:\Program Files (x86)\MiKTeX 2.9\tex\generic\pgf\basiclayer\pgfcorescopes.co
de.tex"
File: pgfcorescopes.code.tex 2015/05/08  (rcs-revision 1.46)
\pgfpic=\box42
\pgf@hbox=\box43
\pgf@layerbox@main=\box44
\pgf@picture@serial@count=\count155
)
("C:\Program Files (x86)\MiKTeX 2.9\tex\generic\pgf\basiclayer\pgfcoregraphicst
ate.code.tex"
File: pgfcoregraphicstate.code.tex 2014/11/02  (rcs-revision 1.12)
\pgflinewidth=\dimen203
)
("C:\Program Files (x86)\MiKTeX 2.9\tex\generic\pgf\basiclayer\pgfcoretransform
ations.code.tex"
File: pgfcoretransformations.code.tex 2015/08/07  (rcs-revision 1.20)
\pgf@pt@x=\dimen204
\pgf@pt@y=\dimen205
\pgf@pt@temp=\dimen206
)
("C:\Program Files (x86)\MiKTeX 2.9\tex\generic\pgf\basiclayer\pgfcorequick.cod
e.tex"
File: pgfcorequick.code.tex 2008/10/09  (rcs-revision 1.3)
)
("C:\Program Files (x86)\MiKTeX 2.9\tex\generic\pgf\basiclayer\pgfcoreobjects.c
ode.tex"
File: pgfcoreobjects.code.tex 2006/10/11  (rcs-revision 1.2)
)
("C:\Program Files (x86)\MiKTeX 2.9\tex\generic\pgf\basiclayer\pgfcorepathproce
ssing.code.tex"
File: pgfcorepathprocessing.code.tex 2013/09/09  (rcs-revision 1.9)
)
("C:\Program Files (x86)\MiKTeX 2.9\tex\generic\pgf\basiclayer\pgfcorearrows.co
de.tex"
File: pgfcorearrows.code.tex 2015/05/14  (rcs-revision 1.43)
\pgfarrowsep=\dimen207
)
("C:\Program Files (x86)\MiKTeX 2.9\tex\generic\pgf\basiclayer\pgfcoreshade.cod
e.tex"
File: pgfcoreshade.code.tex 2013/07/15  (rcs-revision 1.15)
\pgf@max=\dimen208
\pgf@sys@shading@range@num=\count156
)
("C:\Program Files (x86)\MiKTeX 2.9\tex\generic\pgf\basiclayer\pgfcoreimage.cod
e.tex"
File: pgfcoreimage.code.tex 2013/07/15  (rcs-revision 1.18)

("C:\Program Files (x86)\MiKTeX 2.9\tex\generic\pgf\basiclayer\pgfcoreexternal.
code.tex"
File: pgfcoreexternal.code.tex 2014/07/09  (rcs-revision 1.21)
\pgfexternal@startupbox=\box45
))
("C:\Program Files (x86)\MiKTeX 2.9\tex\generic\pgf\basiclayer\pgfcorelayers.co
de.tex"
File: pgfcorelayers.code.tex 2013/07/18  (rcs-revision 1.7)
)
("C:\Program Files (x86)\MiKTeX 2.9\tex\generic\pgf\basiclayer\pgfcoretranspare
ncy.code.tex"
File: pgfcoretransparency.code.tex 2013/09/30  (rcs-revision 1.5)
)
("C:\Program Files (x86)\MiKTeX 2.9\tex\generic\pgf\basiclayer\pgfcorepatterns.
code.tex"
File: pgfcorepatterns.code.tex 2013/11/07  (rcs-revision 1.5)
)))
("C:\Program Files (x86)\MiKTeX 2.9\tex\generic\pgf\modules\pgfmoduleshapes.cod
e.tex"
File: pgfmoduleshapes.code.tex 2014/03/21  (rcs-revision 1.35)
\pgfnodeparttextbox=\box46
)
("C:\Program Files (x86)\MiKTeX 2.9\tex\generic\pgf\modules\pgfmoduleplot.code.
tex"
File: pgfmoduleplot.code.tex 2015/08/03  (rcs-revision 1.13)
)
("C:\Program Files (x86)\MiKTeX 2.9\tex\latex\pgf\compatibility\pgfcomp-version
-0-65.sty"
Package: pgfcomp-version-0-65 2007/07/03 v3.0.1 (rcs-revision 1.7)
\pgf@nodesepstart=\dimen209
\pgf@nodesepend=\dimen210
)
("C:\Program Files (x86)\MiKTeX 2.9\tex\latex\pgf\compatibility\pgfcomp-version
-1-18.sty"
Package: pgfcomp-version-1-18 2007/07/23 v3.0.1 (rcs-revision 1.1)
))
("C:\Program Files (x86)\MiKTeX 2.9\tex\latex\pgf\utilities\pgffor.sty"
("C:\Program Files (x86)\MiKTeX 2.9\tex\latex\pgf\utilities\pgfkeys.sty"
("C:\Program Files (x86)\MiKTeX 2.9\tex\generic\pgf\utilities\pgfkeys.code.tex"
)) ("C:\Program Files (x86)\MiKTeX 2.9\tex\latex\pgf\math\pgfmath.sty"
("C:\Program Files (x86)\MiKTeX 2.9\tex\generic\pgf\math\pgfmath.code.tex"))
("C:\Program Files (x86)\MiKTeX 2.9\tex\generic\pgf\utilities\pgffor.code.tex"
Package: pgffor 2013/12/13 v3.0.1 (rcs-revision 1.25)

("C:\Program Files (x86)\MiKTeX 2.9\tex\generic\pgf\math\pgfmath.code.tex")
\pgffor@iter=\dimen211
\pgffor@skip=\dimen212
\pgffor@stack=\toks51
\pgffor@toks=\toks52
))
("C:\Program Files (x86)\MiKTeX 2.9\tex\generic\pgf\frontendlayer\tikz\tikz.cod
e.tex"
Package: tikz 2015/08/07 v3.0.1 (rcs-revision 1.151)

("C:\Program Files (x86)\MiKTeX 2.9\tex\generic\pgf\libraries\pgflibraryplothan
dlers.code.tex"
File: pgflibraryplothandlers.code.tex 2013/08/31 v3.0.1 (rcs-revision 1.20)
\pgf@plot@mark@count=\count157
\pgfplotmarksize=\dimen213
)
\tikz@lastx=\dimen214
\tikz@lasty=\dimen215
\tikz@lastxsaved=\dimen216
\tikz@lastysaved=\dimen217
\tikzleveldistance=\dimen218
\tikzsiblingdistance=\dimen219
\tikz@figbox=\box47
\tikz@figbox@bg=\box48
\tikz@tempbox=\box49
\tikz@tempbox@bg=\box50
\tikztreelevel=\count158
\tikznumberofchildren=\count159
\tikznumberofcurrentchild=\count160
\tikz@fig@count=\count161

("C:\Program Files (x86)\MiKTeX 2.9\tex\generic\pgf\modules\pgfmodulematrix.cod
e.tex"
File: pgfmodulematrix.code.tex 2013/09/17  (rcs-revision 1.8)
\pgfmatrixcurrentrow=\count162
\pgfmatrixcurrentcolumn=\count163
\pgf@matrix@numberofcolumns=\count164
)
\tikz@expandcount=\count165

("C:\Program Files (x86)\MiKTeX 2.9\tex\generic\pgf\frontendlayer\tikz\librarie
s\tikzlibrarytopaths.code.tex"
File: tikzlibrarytopaths.code.tex 2008/06/17 v3.0.1 (rcs-revision 1.2)
)))
("C:\Program Files (x86)\MiKTeX 2.9\tex\generic\pgf\frontendlayer\tikz\librarie
s\tikzlibrarydecorations.text.code.tex"
("C:\Program Files (x86)\MiKTeX 2.9\tex\generic\pgf\frontendlayer\tikz\librarie
s\tikzlibrarydecorations.code.tex"
("C:\Program Files (x86)\MiKTeX 2.9\tex\generic\pgf\modules\pgfmoduledecoration
s.code.tex"
\pgfdecoratedcompleteddistance=\dimen220
\pgfdecoratedremainingdistance=\dimen221
\pgfdecoratedinputsegmentcompleteddistance=\dimen222
\pgfdecoratedinputsegmentremainingdistance=\dimen223
\pgf@decorate@distancetomove=\dimen224
\pgf@decorate@repeatstate=\count166
\pgfdecorationsegmentamplitude=\dimen225
\pgfdecorationsegmentlength=\dimen226
)
\tikz@lib@dec@box=\box51
)
("C:\Program Files (x86)\MiKTeX 2.9\tex\generic\pgf\libraries\decorations\pgfli
brarydecorations.text.code.tex"
\pgf@lib@dec@text@box=\box52
)
\tikz@lib@dec@te@box=\box53
)
("C:\Program Files (x86)\MiKTeX 2.9\tex\generic\pgf\frontendlayer\tikz\librarie
s\tikzlibraryshapes.code.tex"
File: tikzlibraryshapes.code.tex 2008/01/09 v3.0.1 (rcs-revision 1.1)

("C:\Program Files (x86)\MiKTeX 2.9\tex\generic\pgf\frontendlayer\tikz\librarie
s\tikzlibraryshapes.geometric.code.tex"
File: tikzlibraryshapes.geometric.code.tex 2008/01/09 v3.0.1 (rcs-revision 1.1)


("C:\Program Files (x86)\MiKTeX 2.9\tex\generic\pgf\libraries\shapes\pgflibrary
shapes.geometric.code.tex"
File: pgflibraryshapes.geometric.code.tex 2008/06/26 v3.0.1 (rcs-revision 1.1)
))
("C:\Program Files (x86)\MiKTeX 2.9\tex\generic\pgf\frontendlayer\tikz\librarie
s\tikzlibraryshapes.misc.code.tex"
File: tikzlibraryshapes.misc.code.tex 2008/01/09 v3.0.1 (rcs-revision 1.1)

("C:\Program Files (x86)\MiKTeX 2.9\tex\generic\pgf\libraries\shapes\pgflibrary
shapes.misc.code.tex"
File: pgflibraryshapes.misc.code.tex 2013/07/18 v3.0.1 (rcs-revision 1.5)
))
("C:\Program Files (x86)\MiKTeX 2.9\tex\generic\pgf\frontendlayer\tikz\librarie
s\tikzlibraryshapes.symbols.code.tex"
File: tikzlibraryshapes.symbols.code.tex 2008/01/09 v3.0.1 (rcs-revision 1.1)

("C:\Program Files (x86)\MiKTeX 2.9\tex\generic\pgf\libraries\shapes\pgflibrary
shapes.symbols.code.tex"
File: pgflibraryshapes.symbols.code.tex 2013/09/11 v3.0.1 (rcs-revision 1.6)
))
("C:\Program Files (x86)\MiKTeX 2.9\tex\generic\pgf\frontendlayer\tikz\librarie
s\tikzlibraryshapes.arrows.code.tex"
File: tikzlibraryshapes.arrows.code.tex 2008/01/09 v3.0.1 (rcs-revision 1.1)

("C:\Program Files (x86)\MiKTeX 2.9\tex\generic\pgf\libraries\shapes\pgflibrary
shapes.arrows.code.tex"
File: pgflibraryshapes.arrows.code.tex 2008/06/26 v3.0.1 (rcs-revision 1.1)
))
("C:\Program Files (x86)\MiKTeX 2.9\tex\generic\pgf\frontendlayer\tikz\librarie
s\tikzlibraryshapes.callouts.code.tex"
("C:\Program Files (x86)\MiKTeX 2.9\tex\generic\pgf\libraries\shapes\pgflibrary
shapes.callouts.code.tex"))
("C:\Program Files (x86)\MiKTeX 2.9\tex\generic\pgf\frontendlayer\tikz\librarie
s\tikzlibraryshapes.multipart.code.tex"
File: tikzlibraryshapes.multipart.code.tex 2008/01/09 v3.0.1 (rcs-revision 1.1)


("C:\Program Files (x86)\MiKTeX 2.9\tex\generic\pgf\libraries\shapes\pgflibrary
shapes.multipart.code.tex"
File: pgflibraryshapes.multipart.code.tex 2010/01/07 v3.0.1 (rcs-revision 1.2)
\pgfnodepartlowerbox=\box54
\pgfnodeparttwobox=\box55
\pgfnodepartthreebox=\box56
\pgfnodepartfourbox=\box57
\pgfnodeparttwentybox=\box58
\pgfnodepartnineteenbox=\box59
\pgfnodeparteighteenbox=\box60
\pgfnodepartseventeenbox=\box61
\pgfnodepartsixteenbox=\box62
\pgfnodepartfifteenbox=\box63
\pgfnodepartfourteenbox=\box64
\pgfnodepartthirteenbox=\box65
\pgfnodeparttwelvebox=\box66
\pgfnodepartelevenbox=\box67
\pgfnodeparttenbox=\box68
\pgfnodepartninebox=\box69
\pgfnodeparteightbox=\box70
\pgfnodepartsevenbox=\box71
\pgfnodepartsixbox=\box72
\pgfnodepartfivebox=\box73
)))
("C:\Program Files (x86)\MiKTeX 2.9\tex\generic\pgf\frontendlayer\tikz\librarie
s\tikzlibraryarrows.code.tex"
File: tikzlibraryarrows.code.tex 2008/01/09 v3.0.1 (rcs-revision 1.1)

("C:\Program Files (x86)\MiKTeX 2.9\tex\generic\pgf\libraries\pgflibraryarrows.
code.tex"
File: pgflibraryarrows.code.tex 2013/09/23 v3.0.1 (rcs-revision 1.16)
\arrowsize=\dimen227
)) ("C:\Program Files (x86)\MiKTeX 2.9\tex\latex\tools\bm.sty"
Package: bm 2004/02/26 v1.1c Bold Symbol Support (DPC/FMi)
\symboldoperators=\mathgroup6
\symboldletters=\mathgroup7
\symboldsymbols=\mathgroup8
\symboldlargesymbols=\mathgroup9
LaTeX Font Info:    Redeclaring math alphabet \mathbf on input line 138.
LaTeX Info: Redefining \bm on input line 204.
)
("C:\Program Files (x86)\MiKTeX 2.9\tex\generic\pgf\frontendlayer\tikz\librarie
s\tikzlibraryautomata.code.tex"
File: tikzlibraryautomata.code.tex 2008/07/14 v3.0.1 (rcs-revision 1.3)
)
("C:\Program Files (x86)\MiKTeX 2.9\tex\generic\pgf\frontendlayer\tikz\librarie
s\tikzlibrarymindmap.code.tex"
File: tikzlibrarymindmap.code.tex 2013/07/16 v3.0.1 (rcs-revision 1.10)

("C:\Program Files (x86)\MiKTeX 2.9\tex\generic\pgf\frontendlayer\tikz\librarie
s\tikzlibrarytrees.code.tex"
File: tikzlibrarytrees.code.tex 2008/02/24 v3.0.1 (rcs-revision 1.2)
))
("C:\Program Files (x86)\MiKTeX 2.9\tex\generic\pgf\frontendlayer\tikz\librarie
s\tikzlibrarypositioning.code.tex"
File: tikzlibrarypositioning.code.tex 2008/10/06 v3.0.1 (rcs-revision 1.7)
)
("C:\Program Files (x86)\MiKTeX 2.9\tex\generic\pgf\frontendlayer\tikz\librarie
s\tikzlibrarydecorations.pathmorphing.code.tex"
("C:\Program Files (x86)\MiKTeX 2.9\tex\generic\pgf\libraries\decorations\pgfli
brarydecorations.pathmorphing.code.tex"))
("C:\Program Files (x86)\MiKTeX 2.9\tex\generic\pgf\frontendlayer\tikz\librarie
s\tikzlibrarybackgrounds.code.tex"
File: tikzlibrarybackgrounds.code.tex 2013/07/18 v3.0.1 (rcs-revision 1.3)
\pgf@layerbox@background=\box74
\pgf@layerboxsaved@background=\box75
)
("C:\Program Files (x86)\MiKTeX 2.9\tex\generic\pgf\frontendlayer\tikz\librarie
s\tikzlibraryfit.code.tex"
File: tikzlibraryfit.code.tex 2013/07/12 v3.0.1 (rcs-revision 1.5)
)
("C:\Program Files (x86)\MiKTeX 2.9\tex\generic\pgf\frontendlayer\tikz\librarie
s\tikzlibrarychains.code.tex"
File: tikzlibrarychains.code.tex 2013/07/15 v3.0.1 (rcs-revision 1.6)
))

LaTeX Warning: Unused global option(s):
    [paper=a4,fontsize=12pt].

(G:\Inżynierka\Inzynierka\Praca_Inżynierska_Tomasz_FerensPACZKA\main.aux
(G:\Inżynierka\Inzynierka\Praca_Inżynierska_Tomasz_FerensPACZKA\FrontBackMatt
er/Titlepage.aux)
(G:\Inżynierka\Inzynierka\Praca_Inżynierska_Tomasz_FerensPACZKA\FrontBackMatt
er/Abstract.aux)
(G:\Inżynierka\Inzynierka\Praca_Inżynierska_Tomasz_FerensPACZKA\Chapters/Chap
ter_CV.aux)
(G:\Inżynierka\Inzynierka\Praca_Inżynierska_Tomasz_FerensPACZKA\FrontBackMatt
er/Dedication.aux)
(G:\Inżynierka\Inzynierka\Praca_Inżynierska_Tomasz_FerensPACZKA\Chapters/Ch_w
step.aux

LaTeX Warning: Label `fig:Chipscope' multiply defined.


LaTeX Warning: Label `fig:Chipscope' multiply defined.


LaTeX Warning: Label `fig:Chipscope' multiply defined.


LaTeX Warning: Label `fig:Chipscope' multiply defined.


LaTeX Warning: Label `tab:compareAnalysers' multiply defined.


LaTeX Warning: Label `fig:sch1' multiply defined.

)
(G:\Inżynierka\Inzynierka\Praca_Inżynierska_Tomasz_FerensPACZKA\Chapters/Ch_c
el_pracy.aux)
(G:\Inżynierka\Inzynierka\Praca_Inżynierska_Tomasz_FerensPACZKA\Chapters/Konc
epcja.aux

LaTeX Warning: Label `fig:sch2' multiply defined.


LaTeX Warning: Label `fig:sch2' multiply defined.

)
(G:\Inżynierka\Inzynierka\Praca_Inżynierska_Tomasz_FerensPACZKA\Chapters/Ch_i
mplementacja.aux

LaTeX Warning: Label `tab:compareAnalysers' multiply defined.


LaTeX Warning: Label `tab:compareAnalysers' multiply defined.


LaTeX Warning: Label `fig:detObj' multiply defined.

)
(G:\Inżynierka\Inzynierka\Praca_Inżynierska_Tomasz_FerensPACZKA\Chapters/Ch_t
esty.aux

LaTeX Warning: Label `tab:compareAnalysers' multiply defined.


LaTeX Warning: Label `tab:compareAnalysers' multiply defined.


LaTeX Warning: Label `tab:compareAnalysers' multiply defined.

)
(G:\Inżynierka\Inzynierka\Praca_Inżynierska_Tomasz_FerensPACZKA\Chapters/Ch_b
ibliografia.aux)
(G:\Inżynierka\Inzynierka\Praca_Inżynierska_Tomasz_FerensPACZKA\Chapters/Doda
tek_A.aux

LaTeX Warning: Label `fig:detObj' multiply defined.

))
LaTeX Font Info:    Checking defaults for OML/cmm/m/it on input line 9.
LaTeX Font Info:    ... okay on input line 9.
LaTeX Font Info:    Checking defaults for T1/cmr/m/n on input line 9.
LaTeX Font Info:    ... okay on input line 9.
LaTeX Font Info:    Checking defaults for OT1/cmr/m/n on input line 9.
LaTeX Font Info:    ... okay on input line 9.
LaTeX Font Info:    Checking defaults for OMS/cmsy/m/n on input line 9.
LaTeX Font Info:    ... okay on input line 9.
LaTeX Font Info:    Checking defaults for OMX/cmex/m/n on input line 9.
LaTeX Font Info:    ... okay on input line 9.
LaTeX Font Info:    Checking defaults for U/cmr/m/n on input line 9.
LaTeX Font Info:    ... okay on input line 9.
LaTeX Font Info:    Checking defaults for PD1/pdf/m/n on input line 9.
LaTeX Font Info:    ... okay on input line 9.
LaTeX Font Info:    Checking defaults for OT4/cmr/m/n on input line 9.
LaTeX Font Info:    ... okay on input line 9.
 ("C:\Program Files (x86)\MiKTeX 2.9\tex\context\base\supp-pdf.mkii"
[Loading MPS to PDF converter (version 2006.09.02).]
\scratchcounter=\count167
\scratchdimen=\dimen228
\scratchbox=\box76
\nofMPsegments=\count168
\nofMParguments=\count169
\everyMPshowfont=\toks53
\MPscratchCnt=\count170
\MPscratchDim=\dimen229
\MPnumerator=\count171
\makeMPintoPDFobject=\count172
\everyMPtoPDFconversion=\toks54
)
Package caption Info: Begin \AtBeginDocument code.
Package caption Info: float package is loaded.
Package caption Info: hyperref package is loaded.
Package caption Info: listings package is loaded.
Package caption Info: rotating package is loaded.
Package caption Info: wrapfig package is loaded.
Package caption Info: End \AtBeginDocument code.
\AtBeginShipoutBox=\box77
 ABD: EverySelectfont initializing macros
LaTeX Info: Redefining \selectfont on input line 9.
Package hyperref Info: Link coloring OFF on input line 9.

("C:\Program Files (x86)\MiKTeX 2.9\tex\latex\hyperref\nameref.sty"
Package: nameref 2012/10/27 v2.43 Cross-referencing by name of section

("C:\Program Files (x86)\MiKTeX 2.9\tex\generic\oberdiek\gettitlestring.sty"
Package: gettitlestring 2010/12/03 v1.4 Cleanup title references (HO)
)
\c@section@level=\count173
)
LaTeX Info: Redefining \ref on input line 9.
LaTeX Info: Redefining \pageref on input line 9.
LaTeX Info: Redefining \nameref on input line 9.

(G:\Inżynierka\Inzynierka\Praca_Inżynierska_Tomasz_FerensPACZKA\main.out)
(G:\Inżynierka\Inzynierka\Praca_Inżynierska_Tomasz_FerensPACZKA\main.out)
\@outlinefile=\write4
\c@lstlisting=\count174

ABD: EveryShipout initializing macros
(G:\Inżynierka\Inzynierka\Praca_Inżynierska_Tomasz_FerensPACZKA\FrontBackMatt
er/Titlepage.tex <gfx/logo_pw.jpg, id=162, 128.03835pt x 128.03835pt>
File: gfx/logo_pw.jpg Graphic file (type jpg)

<use gfx/logo_pw.jpg>
Package pdftex.def Info: gfx/logo_pw.jpg used on input line 11.
(pdftex.def)             Requested size: 113.817pt x 113.81102pt.
 <gfx/logo_weiti.jpg, id=163, 226.9278pt x 284.9847pt>
File: gfx/logo_weiti.jpg Graphic file (type jpg)

<use gfx/logo_weiti.jpg>
Package pdftex.def Info: gfx/logo_weiti.jpg used on input line 12.
(pdftex.def)             Requested size: 90.62753pt x 113.81102pt.
 [1


{C:/ProgramData/MiKTeX/2.9/pdftex/config/pdftex.map} <G:/Inżynierka/Inzynierka
/Praca_Inżynierska_Tomasz_FerensPACZKA/gfx/logo_pw.jpg> <G:/Inżynierka/Inzyni
erka/Praca_Inżynierska_Tomasz_FerensPACZKA/gfx/logo_weiti.jpg>])
(G:\Inżynierka\Inzynierka\Praca_Inżynierska_Tomasz_FerensPACZKA\FrontBackMatt
er/Abstract.tex
Underfull \hbox (badness 10000) in paragraph at lines 10--15

 []


Underfull \hbox (badness 10000) in paragraph at lines 16--17

 []


Underfull \hbox (badness 10000) in paragraph at lines 22--23

 []


Underfull \hbox (badness 1043) in paragraph at lines 24--27
[]\OT4/cmr/m/n/12 Sowa klu-czo-we: \OT4/cmr/bx/it/12 sys-te-my wbu-do-wa-ne, w
i-zja kom-pu-te-ro-wa, Ether-net,
 []


Underfull \hbox (badness 10000) in paragraph at lines 24--27

 []


Underfull \hbox (badness 10000) in paragraph at lines 28--29

 []


Underfull \hbox (badness 10000) in paragraph at lines 30--31

 []


Underfull \hbox (badness 10000) in paragraph at lines 36--37

 []

pdfTeX warning (ext4): destination with the same identifier (name{page.}) has b
een already used, duplicate ignored
<to be read again> 
                   \relax 
l.42 \newpage
              [1



])
(G:\Inżynierka\Inzynierka\Praca_Inżynierska_Tomasz_FerensPACZKA\Chapters/Chap
ter_CV.tex
Underfull \hbox (badness 10000) in paragraph at lines 10--17

 []


Underfull \hbox (badness 1472) in paragraph at lines 23--26
\OT4/cmr/m/n/12 matematyczno-informatycznym. W 2011 ro-ku uzy-ska-em wia-dec-
two doj-rza-o-ci
 []


Underfull \hbox (badness 5064) in paragraph at lines 23--26
\OT4/cmr/m/n/12 War-szaw-skiej na ma-kro-kie-run-ku Elek-tro-ni-ka, In-for-ma-t
y-ka i Te-le-ko-mu-ni-ka-cja.
 []


Underfull \hbox (badness 10000) in paragraph at lines 23--26

 []

)pdfTeX warning (ext4): destination with the same identifier (name{page.}) has 
been already used, duplicate ignored
<to be read again> 
                   \relax 
l.18 	\include{Chapters/Chapter_CV}
                                   			% Życiorys [2



]
(G:\Inżynierka\Inzynierka\Praca_Inżynierska_Tomasz_FerensPACZKA\FrontBackMatt
er/Dedication.tex)pdfTeX warning (ext4): destination with the same identifier (
name{page.}) has been already used, duplicate ignored
<to be read again> 
                   \relax 
l.20 	\include{FrontBackMatter/Dedication}
                                           	% Dedykacja podziękowanie [3



]
(G:\Inżynierka\Inzynierka\Praca_Inżynierska_Tomasz_FerensPACZKA\main.toc
LaTeX Font Info:    Try loading font information for OML+plm on input line 1.

("C:\Program Files (x86)\MiKTeX 2.9\tex\latex\polski\omlplm.fd"
File: omlplm.fd 2008/02/24 v1.2.1 Font defs for fonts PL (MW)
)
LaTeX Font Info:    Try loading font information for OMS+plsy on input line 1.

("C:\Program Files (x86)\MiKTeX 2.9\tex\latex\polski\omsplsy.fd"
File: omsplsy.fd 2008/02/24 v1.2.1 Font defs for fonts PL (MW)
)
LaTeX Font Info:    Try loading font information for OMX+plex on input line 1.

("C:\Program Files (x86)\MiKTeX 2.9\tex\latex\polski\omxplex.fd"
File: omxplex.fd 2008/02/24 v1.2.1 Font defs for fonts PL (MW)
)
LaTeX Font Info:    External font `plex10' loaded for size
(Font)              <12> on input line 1.
LaTeX Font Info:    External font `plex10' loaded for size
(Font)              <8> on input line 1.
LaTeX Font Info:    External font `plex10' loaded for size
(Font)              <6> on input line 1.
LaTeX Font Info:    Try loading font information for U+msa on input line 1.

("C:\Program Files (x86)\MiKTeX 2.9\tex\latex\amsfonts\umsa.fd"
File: umsa.fd 2013/01/14 v3.01 AMS symbols A
)
LaTeX Font Info:    Try loading font information for U+msb on input line 1.

("C:\Program Files (x86)\MiKTeX 2.9\tex\latex\amsfonts\umsb.fd"
File: umsb.fd 2013/01/14 v3.01 AMS symbols B
) [1


]
Overfull \hbox (3.06963pt too wide) detected at line 37
\OT4/cmr/bx/n/12 A. 
 []

)
\tf@toc=\write5
 [2]
(G:\Inżynierka\Inzynierka\Praca_Inżynierska_Tomasz_FerensPACZKA\main.lol)
\tf@lol=\write6

(G:\Inżynierka\Inzynierka\Praca_Inżynierska_Tomasz_FerensPACZKA\main.lot)
\tf@lot=\write7

(G:\Inżynierka\Inzynierka\Praca_Inżynierska_Tomasz_FerensPACZKA\main.lof
[3

])
\tf@lof=\write8
 [4]
(G:\Inżynierka\Inzynierka\Praca_Inżynierska_Tomasz_FerensPACZKA\Chapters/Ch_w
step.tex
Rozdzia\PlPrIeC {\l } 1.

Package hyperref Warning: Difference (2) between bookmark levels is greater 
(hyperref)                than one, level fixed on input line 23.


Underfull \vbox (badness 1205) has occurred while \output is active []

 [5


]
<gfx/bcs.jpg, id=312, 1003.75pt x 281.05pt>
File: gfx/bcs.jpg Graphic file (type jpg)
 <use gfx/bcs.jpg>
Package pdftex.def Info: gfx/bcs.jpg used on input line 33.
(pdftex.def)             Requested size: 352.81552pt x 98.78923pt.

<gfx/bcsCam.png, id=314, 642.4pt x 387.4475pt>
File: gfx/bcsCam.png Graphic file (type png)
 <use gfx/bcsCam.png>
Package pdftex.def Info: gfx/bcsCam.png used on input line 42.
(pdftex.def)             Requested size: 264.61333pt x 159.59941pt.
 [6 <G:/Inżynierka/Inzynierka/Praca_Inżynierska_Tomasz_FerensPACZKA/gfx/bcs.j
pg> <G:/Inżynierka/Inzynierka/Praca_Inżynierska_Tomasz_FerensPACZKA/gfx/bcsCa
m.png (PNG copy)>] [7] <gfx/rasp.jpeg, id=323, 4239.84pt x 2402.9775pt>
File: gfx/rasp.jpeg Graphic file (type jpg)

<use gfx/rasp.jpeg>
Package pdftex.def Info: gfx/rasp.jpeg used on input line 86.
(pdftex.def)             Requested size: 352.81552pt x 199.94208pt.
 <gfx/beagle.jpg, id=324, 152.2488pt x 101.4189pt>
File: gfx/beagle.jpg Graphic file (type jpg)

<use gfx/beagle.jpg>
Package pdftex.def Info: gfx/beagle.jpg used on input line 95.
(pdftex.def)             Requested size: 352.81552pt x 235.06914pt.
 [8 <G:/Inżynierka/Inzynierka/Praca_Inżynierska_Tomasz_FerensPACZKA/gfx/rasp.
jpeg> <G:/Inżynierka/Inzynierka/Praca_Inżynierska_Tomasz_FerensPACZKA/gfx/bea
gle.jpg>] <gfx/olimex.jpg, id=329, 542.025pt x 459.7175pt>
File: gfx/olimex.jpg Graphic file (type jpg)

<use gfx/olimex.jpg>
Package pdftex.def Info: gfx/olimex.jpg used on input line 104.
(pdftex.def)             Requested size: 264.61333pt x 224.4358pt.
 <gfx/wand.png, id=330, 556.32843pt x 480.29437pt>
File: gfx/wand.png Graphic file (type png)

<use gfx/wand.png>
Package pdftex.def Info: gfx/wand.png used on input line 118.
(pdftex.def)             Requested size: 264.61333pt x 228.45pt.

Overfull \hbox (7.54681pt too wide) in paragraph at lines 136--136
[]|\OT4/cmr/m/n/12 Procesor| 
 []


Overfull \hbox (5.09683pt too wide) in paragraph at lines 136--136
[]|\OT4/cmr/m/n/12 Interfejs
 []


Underfull \hbox (badness 10000) in paragraph at lines 136--136
\OT4/cmr/m/n/12 ka-me-
 []


Underfull \hbox (badness 10000) in paragraph at lines 136--136
\OT4/cmr/m/n/12 ry
 []


Overfull \hbox (8.4607pt too wide) in paragraph at lines 136--136
[]|\OT4/cmr/m/n/12 Ethernet| 
 []


Underfull \hbox (badness 10000) in paragraph at lines 136--136
[]|\OT4/cmr/m/n/12 BCM
 []


Underfull \hbox (badness 10000) in paragraph at lines 136--136
\OT4/cmr/m/n/12 2386
 []


Overfull \hbox (5.68016pt too wide) in paragraph at lines 136--136
\OT4/cmr/m/n/12 900MHz
 []


Overfull \hbox (13.19536pt too wide) in paragraph at lines 136--136
\OT4/cmr/m/n/12 quad-core
 []


Underfull \hbox (badness 10000) in paragraph at lines 136--136
\OT4/cmr/m/n/12 ARM
 []


Overfull \hbox (16.78143pt too wide) in paragraph at lines 136--136
\OT4/cmr/m/n/12 Cortex-A7
 []


Underfull \hbox (badness 10000) in paragraph at lines 136--136
[]|\OT4/cmr/m/n/12 1GB
 []


Underfull \hbox (badness 10000) in paragraph at lines 136--136
\OT4/cmr/m/n/12 DDR2
 []


Overfull \hbox (6.98155pt too wide) in paragraph at lines 136--136
\OT4/cmr/m/n/12 SDRAM| 
 []


Overfull \hbox (17.10782pt too wide) in paragraph at lines 136--136
[]|\OT4/cmr/m/n/12 VideoCore
 []


Overfull \hbox (9.27457pt too wide) in paragraph at lines 136--136
[]|\OT4/cmr/m/n/12 10/100M| 
 []


Underfull \hbox (badness 10000) in paragraph at lines 136--136
[]|\OT4/cmr/m/n/12 175
 []


Overfull \hbox (6.65932pt too wide) in paragraph at lines 136--136
[]|\OT4/cmr/m/n/12 AM335x
 []


Underfull \hbox (badness 10000) in paragraph at lines 136--136
\OT4/cmr/m/n/12 1GHz
 []


Underfull \hbox (badness 10000) in paragraph at lines 136--136
\OT4/cmr/m/n/12 ARM
 []


Overfull \hbox (16.78143pt too wide) in paragraph at lines 136--136
\OT4/cmr/m/n/12 Cortex-A8| 
 []


Underfull \hbox (badness 10000) in paragraph at lines 136--136
[]|\OT4/cmr/m/n/12 512MB
 []


Underfull \hbox (badness 10000) in paragraph at lines 136--136
\OT4/cmr/m/n/12 DDR3
 []


Overfull \hbox (11.8815pt too wide) in paragraph at lines 136--136
[]|\OT4/cmr/m/n/12 PowerVR
 []


Overfull \hbox (5.4385pt too wide) in paragraph at lines 136--136
\OT4/cmr/m/n/12 SGX530| 
 []


Overfull \hbox (9.27457pt too wide) in paragraph at lines 136--136
[]|\OT4/cmr/m/n/12 10/100M| 
 []


Underfull \hbox (badness 10000) in paragraph at lines 136--136
[]|\OT4/cmr/m/n/12 249
 []


Overfull \hbox (13.1912pt too wide) in paragraph at lines 136--136
[]|\OT4/cmr/m/n/12 Allwinner
 []


Underfull \hbox (badness 10000) in paragraph at lines 136--136
\OT4/cmr/m/n/12 A13
 []


Underfull \hbox (badness 10000) in paragraph at lines 136--136
\OT4/cmr/m/n/12 ARM
 []


Underfull \hbox (badness 10000) in paragraph at lines 136--136
\OT4/cmr/m/n/12 Cor-
 []


Overfull \hbox (1.52188pt too wide) in paragraph at lines 136--136
\OT4/cmr/m/n/12 @1GHz| 
 []


Underfull \hbox (badness 10000) in paragraph at lines 136--136
[]|\OT4/cmr/m/n/12 256MB
 []


Underfull \hbox (badness 10000) in paragraph at lines 136--136
\OT4/cmr/m/n/12 DDR2
 []


Underfull \hbox (badness 10000) in paragraph at lines 136--136
[]|\OT4/cmr/m/n/12 3D
 []


Underfull \hbox (badness 10000) in paragraph at lines 136--136
\OT4/cmr/m/n/12 Ma-
 []


Underfull \hbox (badness 10000) in paragraph at lines 136--136
[]|\OT4/cmr/m/n/12 Nie
 []


Underfull \hbox (badness 10000) in paragraph at lines 136--136
\OT4/cmr/m/n/12 (do-
 []


Underfull \hbox (badness 10000) in paragraph at lines 136--136
\OT4/cmr/m/n/12 stp-ny
 []


Underfull \hbox (badness 10000) in paragraph at lines 136--136
\OT4/cmr/m/n/12 mo-du
 []


Overfull \hbox (40.60342pt too wide) in paragraph at lines 136--136
\OT4/cmr/m/n/12 USB-Ethernet)| 
 []


Underfull \hbox (badness 10000) in paragraph at lines 136--136
[]|\OT4/cmr/m/n/12 140
 []


Overfull \hbox (9.17874pt too wide) in paragraph at lines 136--136
[]|\OT4/cmr/m/n/12 Freescale
 []


Underfull \hbox (badness 10000) in paragraph at lines 136--136
\OT4/cmr/m/n/12 i.MX6
 []


Underfull \hbox (badness 10000) in paragraph at lines 136--136
[]|\OT4/cmr/m/n/12 512
 []


Underfull \hbox (badness 10000) in paragraph at lines 136--136
\OT4/cmr/m/n/12 MB
 []


Overfull \hbox (2.74686pt too wide) in paragraph at lines 136--136
[]|\OT4/cmr/m/n/12 Vivante
 []


Underfull \hbox (badness 10000) in paragraph at lines 136--136
\OT4/cmr/m/n/12 GC
 []


Underfull \hbox (badness 2961) in paragraph at lines 136--136
\OT4/cmr/m/n/12 880 +
 []


Underfull \hbox (badness 10000) in paragraph at lines 136--136
\OT4/cmr/m/n/12 Vi-van-
 []


Underfull \hbox (badness 2012) in paragraph at lines 136--136
\OT4/cmr/m/n/12 te GC
 []


Underfull \hbox (badness 10000) in paragraph at lines 136--136
\OT4/cmr/m/n/12 SZU-
 []


Underfull \hbox (badness 10000) in paragraph at lines 136--136
\OT4/cmr/m/n/12 KASZ
 []


Underfull \hbox (badness 10000) in paragraph at lines 136--136
\OT4/cmr/m/n/12 SAM
 []


Overfull \hbox (9.27457pt too wide) in paragraph at lines 136--136
[]|\OT4/cmr/m/n/12 10/100M| 
 []


Underfull \hbox (badness 10000) in paragraph at lines 136--136
[]|\OT4/cmr/m/n/12 79
 []


Underfull \vbox (badness 10000) has occurred while \output is active []

 [9 <G:/Inżynierka/Inzynierka/Praca_Inżynierska_Tomasz_FerensPACZKA/gfx/olime
x.jpg>]
<sch/sch1.jpg, id=337, 306.39468pt x 407.27156pt>
File: sch/sch1.jpg Graphic file (type jpg)
 <use sch/sch1.jpg>
Package pdftex.def Info: sch/sch1.jpg used on input line 147.
(pdftex.def)             Requested size: 308.71106pt x 410.37157pt.
 [10 <G:/Inżynierka/Inzynierka/Praca_Inżynierska_Tomasz_FerensPACZKA/gfx/wand
.png>]
[11] <sch/WE.png, id=347, 225.84375pt x 224.84pt>
File: sch/WE.png Graphic file (type png)
 <use sch/WE.png>
Package pdftex.def Info: sch/WE.png used on input line 190.
(pdftex.def)             Requested size: 132.30666pt x 131.7247pt.
LaTeX Font Info:    External font `plex10' loaded for size
(Font)              <10> on input line 195.
LaTeX Font Info:    External font `plex10' loaded for size
(Font)              <7> on input line 195.
LaTeX Font Info:    External font `plex10' loaded for size
(Font)              <5> on input line 195.
 [12 <G:/Inżynierka/Inzynierka/Praca_Inżynierska_Tomasz_FerensPACZKA/sch/sch1
.jpg>])
[13 <G:/Inżynierka/Inzynierka/Praca_Inżynierska_Tomasz_FerensPACZKA/sch/WE.pn
g (PNG copy)>]
(G:\Inżynierka\Inzynierka\Praca_Inżynierska_Tomasz_FerensPACZKA\Chapters/Ch_c
el_pracy.tex
Rozdzia\PlPrIeC {\l } 2.
) [14



]
(G:\Inżynierka\Inzynierka\Praca_Inżynierska_Tomasz_FerensPACZKA\Chapters/Konc
epcja.tex
Rozdzia\PlPrIeC {\l } 3.

Underfull \vbox (badness 2326) has occurred while \output is active []

 [15



]
[16] [17]
<sch/Koncepcja_ogolna_projektu.jpg, id=393, 387.69844pt x 191.9672pt>
File: sch/Koncepcja_ogolna_projektu.jpg Graphic file (type jpg)

<use sch/Koncepcja_ogolna_projektu.jpg>
Package pdftex.def Info: sch/Koncepcja_ogolna_projektu.jpg used on input line 9
9.
(pdftex.def)             Requested size: 441.01773pt x 218.37326pt.

<sch/haar.png, id=394, 335.2525pt x 203.76125pt>
File: sch/haar.png Graphic file (type png)
 <use sch/haar.png>
Package pdftex.def Info: sch/haar.png used on input line 118.
(pdftex.def)             Requested size: 253.98117pt x 154.35889pt.

<sch/haar_features.jpg, id=395, 321.2pt x 272.01625pt>
File: sch/haar_features.jpg Graphic file (type jpg)

<use sch/haar_features.jpg>
Package pdftex.def Info: sch/haar_features.jpg used on input line 119.
(pdftex.def)             Requested size: 182.27722pt x 154.35889pt.
 [18 <G:/Inżynierka/Inzynierka/Praca_Inżynierska_Tomasz_FerensPACZKA/sch/Konc
epcja_ogolna_projektu.jpg>]
Underfull \hbox (badness 10000) in paragraph at lines 129--130
[]\OT4/cmr/m/n/12 Metoda ta wy-ko-rzy-stu-je za-le-no, kt-ra po-zwa-la ob-l
i-czy war-
 []


Underfull \hbox (badness 10000) in paragraph at lines 129--130
\OT4/cmr/m/n/12 to su-my pi-xe-li z ob-sza-ru ogra-ni-czo-ne-go przez za-le-d
-wie czte-ry punk-ty
 []

<sch/pxel.png, id=402, 258.21469pt x 182.93344pt>
File: sch/pxel.png Graphic file (type png)
 <use sch/pxel.png>
Package pdftex.def Info: sch/pxel.png used on input line 138.
(pdftex.def)             Requested size: 217.89174pt x 154.35889pt.
 [19 <G:/Inżynierka/Inzynierka/Praca_Inżynierska_Tomasz_FerensPACZKA/sch/haar
.png (PNG copy)> <G:/Inżynierka/Inzynierka/Praca_Inżynierska_Tomasz_FerensPAC
ZKA/sch/haar_features.jpg>]

LaTeX Warning: Command \textellipsis invalid in math mode on input line 158.

[20 <G:/Inżynierka/Inzynierka/Praca_Inżynierska_Tomasz_FerensPACZKA/sch/pxel.
png>] <sch/kaskada.jpg, id=426, 563.85657pt x 268.00125pt>
File: sch/kaskada.jpg Graphic file (type jpg)

<use sch/kaskada.jpg>
Package pdftex.def Info: sch/kaskada.jpg used on input line 183.
(pdftex.def)             Requested size: 441.01773pt x 209.61671pt.
 <sch/trening.jpg, id=428, 674.52pt x 316.18124pt>
File: sch/trening.jpg Graphic file (type jpg)

<use sch/trening.jpg>
Package pdftex.def Info: sch/trening.jpg used on input line 192.
(pdftex.def)             Requested size: 441.01773pt x 206.73114pt.
 [21 <G:/Inżynierka/Inzynierka/Praca_Inżynierska_Tomasz_FerensPACZKA/sch/kask
ada.jpg>]
<sch/sterowanie.jpg, id=435, 441.14813pt x 161.85469pt>
File: sch/sterowanie.jpg Graphic file (type jpg)

<use sch/sterowanie.jpg>
Package pdftex.def Info: sch/sterowanie.jpg used on input line 202.
(pdftex.def)             Requested size: 441.01773pt x 161.81476pt.
 [22 <G:/Inżynierka/Inzynierka/Praca_Inżynierska_Tomasz_FerensPACZKA/sch/tren
ing.jpg> <G:/Inżynierka/Inzynierka/Praca_Inżynierska_Tomasz_FerensPACZKA/sch/
sterowanie.jpg>]
<sch/interface_komunikacji.jpg, id=440, 711.4078pt x 331.2375pt>
File: sch/interface_komunikacji.jpg Graphic file (type jpg)

<use sch/interface_komunikacji.jpg>
Package pdftex.def Info: sch/interface_komunikacji.jpg used on input line 217.
(pdftex.def)             Requested size: 441.01773pt x 205.34996pt.
) [23 <G:/Inżynierka/Inzynierka/Praca_Inżynierska_Tomasz_FerensPACZKA/sch/int
erface_komunikacji.jpg>]
(G:\Inżynierka\Inzynierka\Praca_Inżynierska_Tomasz_FerensPACZKA\Chapters/Ch_i
mplementacja.tex
Rozdzia\PlPrIeC {\l } 4.

Underfull \hbox (badness 10000) in paragraph at lines 12--14

 []


Underfull \hbox (badness 10000) in paragraph at lines 14--15

 []


Underfull \hbox (badness 10000) in paragraph at lines 27--28

 []


Underfull \vbox (badness 2269) has occurred while \output is active []

 [24



]
Underfull \hbox (badness 10000) in paragraph at lines 31--33

 []


Underfull \hbox (badness 10000) in paragraph at lines 34--35

 []

("C:\Program Files (x86)\MiKTeX 2.9\tex\latex\listings\lstlang1.sty"
File: lstlang1.sty 2015/06/04 1.6 listings language file
)
("C:\Program Files (x86)\MiKTeX 2.9\tex\latex\listings\lstlang1.sty"
File: lstlang1.sty 2015/06/04 1.6 listings language file
)
Underfull \hbox (badness 10000) in paragraph at lines 36--37

 []

Package hyperref Info: bookmark level for unknown lstlisting defaults to 0 on i
nput line 37.

Underfull \hbox (badness 10000) in paragraph at lines 41--42

 []


Underfull \hbox (badness 10000) in paragraph at lines 49--51

 []


Underfull \hbox (badness 10000) in paragraph at lines 51--52

 []


Underfull \hbox (badness 10000) in paragraph at lines 52--53

 []


Underfull \hbox (badness 10000) in paragraph at lines 53--55

 []

[25]
Underfull \hbox (badness 1242) in paragraph at lines 55--56
[]\OT4/cmr/bx/n/12 Controller \OT4/cmr/m/n/12 ba-da czy war-to fla-gi \OT4/cm
r/bx/n/12 de-tec-ted \OT4/cmr/m/n/12 jest praw-dzi-wa. Je-li nie, to
 []


Underfull \hbox (badness 10000) in paragraph at lines 55--56

 []

<sch/algorytm.jpg, id=459, 526.96875pt x 616.55344pt>
File: sch/algorytm.jpg Graphic file (type jpg)
 <use sch/algorytm.jpg>
Package pdftex.def Info: sch/algorytm.jpg used on input line 61.
(pdftex.def)             Requested size: 441.01773pt x 516.01979pt.

<sch/kooperacja_obiektow.jpg, id=460, 767.11594pt x 360.59718pt>
File: sch/kooperacja_obiektow.jpg Graphic file (type jpg)

<use sch/kooperacja_obiektow.jpg>
Package pdftex.def Info: sch/kooperacja_obiektow.jpg used on input line 70.
(pdftex.def)             Requested size: 441.01773pt x 207.30875pt.

("C:\Program Files (x86)\MiKTeX 2.9\tex\latex\listings\lstlang1.sty"
File: lstlang1.sty 2015/06/04 1.6 listings language file
)
("C:\Program Files (x86)\MiKTeX 2.9\tex\latex\listings\lstlang1.sty"
File: lstlang1.sty 2015/06/04 1.6 listings language file
)
("C:\Program Files (x86)\MiKTeX 2.9\tex\latex\listings\lstmisc.sty"
File: lstmisc.sty 2015/06/04 1.6 (Carsten Heinz)
)
LaTeX Font Info:    Try loading font information for OMS+cmr on input line 80.

("C:\Program Files (x86)\MiKTeX 2.9\tex\latex\base\omscmr.fd"
File: omscmr.fd 1999/05/25 v2.5h Standard LaTeX font definitions
)
LaTeX Font Info:    Font shape `OMS/cmr/m/n' in size <10> not available
(Font)              Font shape `OMS/cmsy/m/n' tried instead on input line 80.
LaTeX Font Info:    Try loading font information for OML+cmr on input line 84.

("C:\Program Files (x86)\MiKTeX 2.9\tex\latex\base\omlcmr.fd"
File: omlcmr.fd 1999/05/25 v2.5h Standard LaTeX font definitions
)
LaTeX Font Info:    Font shape `OML/cmr/m/n' in size <10> not available
(Font)              Font shape `OML/cmm/m/it' tried instead on input line 84.
 [26]
<sch/diagram_klas.jpg, id=482, 512.66531pt x 352.31625pt>
File: sch/diagram_klas.jpg Graphic file (type jpg)

<use sch/diagram_klas.jpg>
Package pdftex.def Info: sch/diagram_klas.jpg used on input line 102.
(pdftex.def)             Requested size: 441.01773pt x 303.08282pt.

<sch/detekcja_obj.jpg, id=484, 764.10469pt x 574.39594pt>
File: sch/detekcja_obj.jpg Graphic file (type jpg)

<use sch/detekcja_obj.jpg>
Package pdftex.def Info: sch/detekcja_obj.jpg used on input line 112.
(pdftex.def)             Requested size: 441.01773pt x 331.51965pt.

Underfull \hbox (badness 1874) in paragraph at lines 123--127
\OT4/cmr/m/n/12 Kolejnym kro-kiem jest wy-od-rb-nie-nie z da-nej klat-ki wszys
t-kich twa-rzy znaj-
 []


Underfull \hbox (badness 1668) in paragraph at lines 123--127
\OT4/cmr/m/n/12 du-j-cych si na niej. Do te-go wy-ko-rzy-sty-wa-ny jest wek-t
or \OT4/cmr/bx/n/12 fa-ces\OT4/cmr/m/n/12 , w kt-rym
 []


Underfull \hbox (badness 2735) in paragraph at lines 123--127
\OT4/cmr/m/n/12 w da-nej klat-ce twa-rzy. W ka-dej ite-ra-cji p-tli for two-r
zo-na jest od-dziel-na
 []


Underfull \hbox (badness 2318) in paragraph at lines 123--127
\OT4/cmr/m/n/12 struk-tor \OT4/cmr/m/it/12 Mat\OT4/cmr/m/n/12 , kt-ry ini-cjo-
wa-ny jest klat-ka \OT4/cmr/bx/n/12 fra-me \OT4/cmr/m/n/12 oraz ob-sza-rem zde-
fi-nio-wa-
 []


Underfull \hbox (badness 1270) in paragraph at lines 123--127
\OT4/cmr/m/n/12 nym w wek-to-rze \OT4/cmr/bx/n/12 fa-ces\OT4/cmr/m/n/12 , kt-r
y ma by wy-expor-to-wa-na z \OT4/cmr/bx/n/12 fra-me'a\OT4/cmr/m/n/12 ), a na-s
tp-
 []


Underfull \hbox (badness 2894) in paragraph at lines 123--127
\OT4/cmr/m/n/12 nie ge-ne-ro-wa-na jest przez funk-cj \OT4/cmr/bx/n/12 get-cur
-da-te() \OT4/cmr/m/n/12 ak-tu-al-na da-ta w for-ma-cie:
 []


Underfull \hbox (badness 7133) in paragraph at lines 123--127
\OT4/cmr/m/n/12 [NR[]TWARZY]X[ROK]-[MIESIC]-[DZIE]-[GODZINA]:[MINUTA]:[SEKUND
A] ,
 []

[27] [28] [29]
Underfull \hbox (badness 1496) in paragraph at lines 221--223
[]\OT4/cmr/m/n/12 Raspberry Pi jest w ostat-nim cza-sie jed-n z naj-po-pu-lar-
niej-szych plat-form
 []

[30]
Underfull \hbox (badness 10000) in paragraph at lines 265--265
[]|\OT4/cmr/m/n/12 30fps@ 352x288(CIF)
 []


Underfull \hbox (badness 10000) in paragraph at lines 287--287
[]|\OT4/cmr/m/n/12 30fps@1080p, 60fps@720p,
 []

[31] <sch/OV5647.jpg, id=601, 622.57594pt x 436.63126pt>
File: sch/OV5647.jpg Graphic file (type jpg)
 <use sch/OV5647.jpg>
Package pdftex.def Info: sch/OV5647.jpg used on input line 309.
(pdftex.def)             Requested size: 441.01773pt x 309.30414pt.


LaTeX Warning: Reference `' on page 32 undefined on input line 315.

) [32] [33 <G:/Inżynierka/Inzynierka/Praca_Inżynierska_Tomasz_FerensPACZKA/sc
h/algorytm.jpg>] [34 <G:/Inżynierka/Inzynierka/Praca_Inżynierska_Tomasz_Feren
sPACZKA/sch/kooperacja_obiektow.jpg> <G:/Inżynierka/Inzynierka/Praca_Inżynier
ska_Tomasz_FerensPACZKA/sch/diagram_klas.jpg>] [35 <G:/Inżynierka/Inzynierka/P
raca_Inżynierska_Tomasz_FerensPACZKA/sch/detekcja_obj.jpg>] [36 <G:/Inżynierk
a/Inzynierka/Praca_Inżynierska_Tomasz_FerensPACZKA/sch/OV5647.jpg>]
(G:\Inżynierka\Inzynierka\Praca_Inżynierska_Tomasz_FerensPACZKA\Chapters/Ch_t
esty.tex
Rozdzia\PlPrIeC {\l } 5.
[37



] [38] [39] [40] [41]
Rozdzia\PlPrIeC {\l } 6.
) [42

]
(G:\Inżynierka\Inzynierka\Praca_Inżynierska_Tomasz_FerensPACZKA\Chapters/Ch_b
ibliografia.tex
Underfull \hbox (badness 10000) in paragraph at lines 5--6

 []


Underfull \hbox (badness 10000) in paragraph at lines 6--7

 []


Underfull \hbox (badness 10000) in paragraph at lines 7--8

 []


Underfull \hbox (badness 10000) in paragraph at lines 8--9

 []

LaTeX Font Info:    Try loading font information for OT4+cmtt on input line 11.

("C:\Program Files (x86)\MiKTeX 2.9\tex\latex\polski\ot4cmtt.fd"
File: ot4cmtt.fd 2008/02/24 v1.2.1 Font defs for fonts PL (MW)
)
LaTeX Font Info:    External font `plex10' loaded for size
(Font)              <10.95> on input line 11.

Underfull \hbox (badness 10000) in paragraph at lines 10--12

 []


Underfull \hbox (badness 10000) in paragraph at lines 12--14

 []


Underfull \hbox (badness 10000) in paragraph at lines 14--16

 []


Underfull \hbox (badness 10000) in paragraph at lines 16--18

 []


Underfull \hbox (badness 10000) in paragraph at lines 18--21

 []


Underfull \hbox (badness 10000) in paragraph at lines 21--23

 []


Underfull \hbox (badness 10000) in paragraph at lines 24--26

 []

) [43



]
(G:\Inżynierka\Inzynierka\Praca_Inżynierska_Tomasz_FerensPACZKA\Chapters/Doda
tek_A.tex
Dodatek A.
<sch/pinMap.jpg, id=705, 770.12718pt x 383.18156pt>
File: sch/pinMap.jpg Graphic file (type jpg)
 <use sch/pinMap.jpg>
Package pdftex.def Info: sch/pinMap.jpg used on input line 13.
(pdftex.def)             Requested size: 441.01773pt x 219.42726pt.
)
[44



 <G:/Inżynierka/Inzynierka/Praca_Inżynierska_Tomasz_FerensPACZKA/sch/pinMap.j
pg>]

Package caption Warning: Unused \captionsetup[sub] on input line 122.
See the caption package documentation for explanation.

Package atveryend Info: Empty hook `BeforeClearDocument' on input line 59.
Package atveryend Info: Empty hook `AfterLastShipout' on input line 59.
(G:\Inżynierka\Inzynierka\Praca_Inżynierska_Tomasz_FerensPACZKA\main.aux
(G:\Inżynierka\Inzynierka\Praca_Inżynierska_Tomasz_FerensPACZKA\FrontBackMatt
er/Titlepage.aux)
(G:\Inżynierka\Inzynierka\Praca_Inżynierska_Tomasz_FerensPACZKA\FrontBackMatt
er/Abstract.aux)
(G:\Inżynierka\Inzynierka\Praca_Inżynierska_Tomasz_FerensPACZKA\Chapters/Chap
ter_CV.aux)
(G:\Inżynierka\Inzynierka\Praca_Inżynierska_Tomasz_FerensPACZKA\FrontBackMatt
er/Dedication.aux)
(G:\Inżynierka\Inzynierka\Praca_Inżynierska_Tomasz_FerensPACZKA\Chapters/Ch_w
step.aux)
(G:\Inżynierka\Inzynierka\Praca_Inżynierska_Tomasz_FerensPACZKA\Chapters/Ch_c
el_pracy.aux)
(G:\Inżynierka\Inzynierka\Praca_Inżynierska_Tomasz_FerensPACZKA\Chapters/Konc
epcja.aux)
(G:\Inżynierka\Inzynierka\Praca_Inżynierska_Tomasz_FerensPACZKA\Chapters/Ch_i
mplementacja.aux)
(G:\Inżynierka\Inzynierka\Praca_Inżynierska_Tomasz_FerensPACZKA\Chapters/Ch_t
esty.aux)
(G:\Inżynierka\Inzynierka\Praca_Inżynierska_Tomasz_FerensPACZKA\Chapters/Ch_b
ibliografia.aux)
(G:\Inżynierka\Inzynierka\Praca_Inżynierska_Tomasz_FerensPACZKA\Chapters/Doda
tek_A.aux))
Package atveryend Info: Executing hook `AtVeryEndDocument' on input line 59.
Package atveryend Info: Executing hook `AtEndAfterFileList' on input line 59.
Package rerunfilecheck Info: File `main.out' has not changed.
(rerunfilecheck)             Checksum: 5B02600DD8ED42BD0AA24BA8B92F5DF3;2619.


LaTeX Warning: There were undefined references.


LaTeX Warning: There were multiply-defined labels.

Package atveryend Info: Empty hook `AtVeryVeryEnd' on input line 59.
 ) 
Here is how much of TeX's memory you used:
 25678 strings out of 493921
 506162 string characters out of 3144879
 738654 words of memory out of 3000000
 27998 multiletter control sequences out of 15000+200000
 31191 words of font info for 92 fonts, out of 3000000 for 9000
 841 hyphenation exceptions out of 8191
 57i,11n,67p,1173b,1987s stack positions out of 5000i,500n,10000p,200000b,50000s
{C:/Program Files (x86)/MiKTeX 2.9/fonts/enc/dvips/pl/pltt.enc}{C:/Program Fi
les (x86)/MiKTeX 2.9/fonts/enc/dvips/pl/plmi.enc}{C:/Program Files (x86)/MiKTeX
 2.9/fonts/enc/dvips/pl/plms.enc}{C:/Program Files (x86)/MiKTeX 2.9/fonts/enc/d
vips/pl/plrm.enc}{C:/Program Files (x86)/MiKTeX 2.9/fonts/enc/dvips/pl/plme.enc
}{C:/Program Files (x86)/MiKTeX 2.9/fonts/enc/dvips/pl/plit.enc}<C:/Program Fil
es (x86)/MiKTeX 2.9/fonts/type1/public/amsfonts/cm/cmmi10.pfb><C:/Program Files
 (x86)/MiKTeX 2.9/fonts/type1/public/amsfonts/cm/cmsy10.pfb><C:/Program Files (
x86)/MiKTeX 2.9/fonts/type1/public/pl/plbx12.pfb><C:/Program Files (x86)/MiKTeX
 2.9/fonts/type1/public/pl/plbxti10.pfb><C:/Program Files (x86)/MiKTeX 2.9/font
s/type1/public/pl/plex10.pfb><C:/Program Files (x86)/MiKTeX 2.9/fonts/type1/pub
lic/pl/plmi12.pfb><C:/Program Files (x86)/MiKTeX 2.9/fonts/type1/public/pl/plmi
6.pfb><C:/Program Files (x86)/MiKTeX 2.9/fonts/type1/public/pl/plmi8.pfb><C:/Pr
ogram Files (x86)/MiKTeX 2.9/fonts/type1/public/pl/plr10.pfb><C:/Program Files 
(x86)/MiKTeX 2.9/fonts/type1/public/pl/plr12.pfb><C:/Program Files (x86)/MiKTeX
 2.9/fonts/type1/public/pl/plr17.pfb><C:/Program Files (x86)/MiKTeX 2.9/fonts/t
ype1/public/pl/plr6.pfb><C:/Program Files (x86)/MiKTeX 2.9/fonts/type1/public/p
l/plr7.pfb><C:/Program Files (x86)/MiKTeX 2.9/fonts/type1/public/pl/plr8.pfb><C
:/Program Files (x86)/MiKTeX 2.9/fonts/type1/public/pl/plsy10.pfb><C:/Program F
iles (x86)/MiKTeX 2.9/fonts/type1/public/pl/plsy6.pfb><C:/Program Files (x86)/M
iKTeX 2.9/fonts/type1/public/pl/plti10.pfb><C:/Program Files (x86)/MiKTeX 2.9/f
onts/type1/public/pl/plti12.pfb><C:/Program Files (x86)/MiKTeX 2.9/fonts/type1/
public/pl/pltt10.pfb>
Output written on main.pdf (48 pages, 5726439 bytes).
PDF statistics:
 841 PDF objects out of 1000 (max. 8388607)
 300 named destinations out of 1000 (max. 500000)
 445 words of extra memory for PDF output out of 10000 (max. 10000000)

